++ /usr/bin/nvidia-smi --query-accounted-apps=gpu_utilization,mem_utilization,max_memory_usage,time --format=csv
++ /usr/bin/tail -n +2
+ previous='93 %, 41 %, 34346 MiB, 1094657 ms
93 %, 41 %, 34346 MiB, 1080486 ms
95 %, 28 %, 34346 MiB, 2176640 ms
93 %, 20 %, 34346 MiB, 1483470 ms
93 %, 19 %, 34346 MiB, 1428618 ms
98 %, 38 %, 34346 MiB, 5755437 ms
97 %, 44 %, 34346 MiB, 3283024 ms
89 %, 23 %, 34346 MiB, 782170 ms
94 %, 43 %, 34348 MiB, 1590426 ms
93 %, 42 %, 34348 MiB, 1292273 ms
94 %, 28 %, 34346 MiB, 2308972 ms
97 %, 40 %, 34348 MiB, 6616832 ms
97 %, 41 %, 34348 MiB, 5784814 ms
94 %, 44 %, 34348 MiB, 1242293 ms
94 %, 26 %, 34346 MiB, 1974319 ms
94 %, 22 %, 34346 MiB, 1650492 ms
97 %, 44 %, 34348 MiB, 4905500 ms
97 %, 44 %, 34348 MiB, 4742736 ms
85 %, 3 %, 34344 MiB, 522419 ms
87 %, 6 %, 34344 MiB, 755603 ms
90 %, 2 %, 34344 MiB, 1094063 ms
91 %, 7 %, 34344 MiB, 1180364 ms
91 %, 7 %, 34344 MiB, 1164665 ms
82 %, 3 %, 34346 MiB, 543722 ms
86 %, 6 %, 34346 MiB, 786939 ms
82 %, 3 %, 34346 MiB, 540706 ms
88 %, 2 %, 34346 MiB, 1136341 ms
88 %, 7 %, 34346 MiB, 1227382 ms
88 %, 2 %, 34346 MiB, 1118241 ms
83 %, 3 %, 34344 MiB, 526895 ms
87 %, 6 %, 34344 MiB, 747295 ms
83 %, 3 %, 34344 MiB, 522598 ms
87 %, 6 %, 34344 MiB, 739423 ms
90 %, 7 %, 34344 MiB, 1145290 ms
90 %, 2 %, 34344 MiB, 1049262 ms
90 %, 7 %, 34344 MiB, 1130305 ms
85 %, 6 %, 34344 MiB, 768494 ms
82 %, 3 %, 34344 MiB, 529345 ms
86 %, 6 %, 34344 MiB, 754192 ms
88 %, 7 %, 34344 MiB, 1188680 ms
88 %, 2 %, 34344 MiB, 1082398 ms
88 %, 7 %, 34344 MiB, 1173677 ms
20 %, 0 %, 1024 MiB, 17728657 ms
20 %, 0 %, 1024 MiB, 17647488 ms
20 %, 0 %, 1026 MiB, 28560952 ms
21 %, 0 %, 1024 MiB, 26588638 ms
21 %, 0 %, 1024 MiB, 26197687 ms
19 %, 0 %, 1024 MiB, 18542517 ms
29 %, 13 %, 7232 MiB, 29121 ms
35 %, 0 %, 7502 MiB, 23586357 ms
1 %, 1 %, 1814 MiB, 7194327 ms
44 %, 21 %, 29700 MiB, 13471758 ms
42 %, 20 %, 29700 MiB, 14198887 ms
60 %, 29 %, 29700 MiB, 9928381 ms
69 %, 33 %, 29700 MiB, 8613375 ms
0 %, 0 %, 34322 MiB, 6124 ms
0 %, 0 %, 34322 MiB, 9223 ms
0 %, 0 %, 34322 MiB, 9827 ms
86 %, 3 %, 34344 MiB, 707130 ms
86 %, 3 %, 34344 MiB, 709498 ms
86 %, 3 %, 34344 MiB, 708872 ms
86 %, 3 %, 34344 MiB, 708949 ms
86 %, 3 %, 34344 MiB, 709734 ms
86 %, 3 %, 34344 MiB, 710122 ms
86 %, 3 %, 34344 MiB, 708461 ms
86 %, 3 %, 34344 MiB, 710676 ms
86 %, 3 %, 34344 MiB, 708981 ms
86 %, 3 %, 34344 MiB, 701705 ms
86 %, 3 %, 34344 MiB, 700390 ms
86 %, 3 %, 34344 MiB, 705468 ms
86 %, 3 %, 34344 MiB, 700585 ms
86 %, 3 %, 34344 MiB, 701402 ms
87 %, 6 %, 34344 MiB, 749345 ms
87 %, 6 %, 34344 MiB, 749214 ms
87 %, 6 %, 34344 MiB, 748517 ms
87 %, 6 %, 34344 MiB, 746945 ms
87 %, 6 %, 34344 MiB, 735539 ms
89 %, 6 %, 34342 MiB, 703763 ms
90 %, 2 %, 34344 MiB, 1059757 ms
90 %, 2 %, 34344 MiB, 1046706 ms
90 %, 2 %, 34344 MiB, 1046390 ms
91 %, 8 %, 34344 MiB, 1142651 ms
91 %, 7 %, 34344 MiB, 1143233 ms
90 %, 7 %, 34344 MiB, 1132298 ms
91 %, 3 %, 34344 MiB, 1427436 ms
91 %, 3 %, 34344 MiB, 1425717 ms
92 %, 2 %, 34344 MiB, 1401000 ms
92 %, 8 %, 34344 MiB, 1542419 ms
92 %, 8 %, 34344 MiB, 1541420 ms
85 %, 7 %, 34342 MiB, 448528 ms
93 %, 25 %, 34346 MiB, 1102870 ms
92 %, 24 %, 34346 MiB, 1110017 ms
92 %, 22 %, 34346 MiB, 1015951 ms
94 %, 32 %, 34346 MiB, 1514127 ms
95 %, 34 %, 34346 MiB, 1827984 ms
94 %, 26 %, 34346 MiB, 1910227 ms
95 %, 28 %, 34346 MiB, 2034019 ms
96 %, 34 %, 34346 MiB, 2978240 ms
93 %, 29 %, 34346 MiB, 869950 ms
96 %, 29 %, 34346 MiB, 3022501 ms
96 %, 29 %, 34346 MiB, 2993489 ms
97 %, 34 %, 34346 MiB, 5130660 ms
96 %, 31 %, 34346 MiB, 3251795 ms
6 %, 0 %, 1612 MiB, 204665 ms
7 %, 0 %, 1612 MiB, 462615 ms
1 %, 0 %, 3152 MiB, 1898961 ms
1 %, 0 %, 3152 MiB, 1935648 ms
1 %, 0 %, 3152 MiB, 1797694 ms
1 %, 0 %, 3152 MiB, 1866631 ms
1 %, 0 %, 3152 MiB, 1928454 ms
1 %, 0 %, 3152 MiB, 1754989 ms
1 %, 0 %, 3152 MiB, 1914459 ms
1 %, 0 %, 3152 MiB, 1861577 ms
96 %, 30 %, 34346 MiB, 3141879 ms
1 %, 0 %, 3152 MiB, 1856123 ms
1 %, 0 %, 3152 MiB, 1983066 ms
1 %, 0 %, 3152 MiB, 1837415 ms
1 %, 0 %, 3152 MiB, 826448 ms
1 %, 0 %, 3152 MiB, 783522 ms
1 %, 0 %, 3152 MiB, 2029350 ms
1 %, 0 %, 3152 MiB, 1889632 ms
1 %, 0 %, 3152 MiB, 799135 ms
1 %, 0 %, 3154 MiB, 1748969 ms
1 %, 0 %, 3152 MiB, 1753252 ms
1 %, 0 %, 3152 MiB, 1840458 ms
21 %, 0 %, 1024 MiB, 26440098 ms
20 %, 0 %, 1024 MiB, 27214849 ms
21 %, 0 %, 1026 MiB, 27223761 ms'
+ /usr/bin/nvidia-smi
+ module use /opt/insy/modulefiles
+ '[' -z '' ']'
+ case "$-" in
+ __lmod_sh_dbg=x
+ '[' -n x ']'
+ set +x
Shell debugging temporarily silenced: export LMOD_SH_DBG_ON=1 for Lmod's output
Shell debugging restarted
+ unset __lmod_sh_dbg
+ return 0
+ export APPTAINER_ROOT=/winhome/meesjansen
+ APPTAINER_ROOT=/winhome/meesjansen
+ export APPTAINER_NAME=isaac-sim-custom.sif
+ APPTAINER_NAME=isaac-sim-custom.sif
+ export ISAACSIM_PATH=/isaac-sim
+ ISAACSIM_PATH=/isaac-sim
+ export ISAACSIM_PYTHON_EXE=/isaac-sim/python.sh
+ ISAACSIM_PYTHON_EXE=/isaac-sim/python.sh
+ export data=/home/nfs/meesjansen/isaac-sim
+ data=/home/nfs/meesjansen/isaac-sim
+ export HOME=/root
+ HOME=/root
+ srun apptainer exec --nv -C --env ACCEPT_EULA=Y --env PRIVACY_CONSENT=Y --env WANDB_API_KEY=e01d8dc5d40f0a16f58885a3808bf560a32837d7 -B /home/nfs/meesjansen/Options_In_Simulation:/workspace/Options_In_Simulation -B /home/nfs/meesjansen/isaac-sim/cache/kit:/isaac-sim/kit/cache -B /home/nfs/meesjansen/isaac-sim/cache/ov:/root/.cache/ov -B /home/nfs/meesjansen/isaac-sim/cache/pip:/root/.cache/pip -B /home/nfs/meesjansen/isaac-sim/cache/glcache:/root/.cache/nvidia/GLCache -B /home/nfs/meesjansen/isaac-sim/cache/computecache:/root/.nv/ComputeCache -B /home/nfs/meesjansen/isaac-sim/logs:/root/.nvidia-omniverse/logs -B /home/nfs/meesjansen/isaac-sim/data:/root/.local/share/ov/data -B /home/nfs/meesjansen/isaac-sim/documents:/root/Documents /winhome/meesjansen/isaac-sim-custom.sif /isaac-sim/python.sh /workspace/Options_In_Simulation/train_mixed_z_r1.py
[33;20m[skrl:WARNING] Using `from skrl.envs.torch import ...` is deprecated and will be removed in future versions.[0m
[33;20m[skrl:WARNING]  - Import loaders using `from skrl.envs.loaders.torch import ...`[0m
[33;20m[skrl:WARNING]  - Import wrappers using `from skrl.envs.wrappers.torch import ...`[0m
[38;20m[skrl:INFO] Seed: 42[0m
2024-12-13 20:14:50 [1,929ms] [Error] [carb.scripting-python.plugin] OSError: [Errno 30] Read-only file system: '/isaac-sim/kit/exts/omni.gpu_foundation/cache/nv_shadercache'

At:
  /isaac-sim/kit/python/lib/python3.10/os.py(230): makedirs
  /isaac-sim/kit/exts/omni.gpu_foundation/omni/gpu_foundation_factory/impl/foundation_extension.py(77): setup_shadercache_locations
  /isaac-sim/kit/exts/omni.gpu_foundation/omni/gpu_foundation_factory/impl/foundation_extension.py(142): on_startup
  /isaac-sim/kit/kernel/py/omni/ext/_impl/_internal.py(164): _startup_ext
  /isaac-sim/kit/kernel/py/omni/ext/_impl/_internal.py(224): startup
  /isaac-sim/kit/kernel/py/omni/ext/_impl/_internal.py(328): startup_extension
  PythonExtension.cpp::startup()(2): <module>
  /isaac-sim/exts/omni.isaac.kit/omni/isaac/kit/simulation_app.py(350): _start_app
  /isaac-sim/exts/omni.isaac.kit/omni/isaac/kit/simulation_app.py(197): __init__
  /isaac-sim/exts/omni.isaac.gym/omni/isaac/gym/vec_env/vec_env_base.py(66): __init__
  /isaac-sim/kit/python/lib/python3.10/site-packages/skrl/utils/omniverse_isaacgym_utils.py(329): get_env_instance
  /workspace/Options_In_Simulation/train_mixed_z_r1.py(64): <module>

2024-12-13 20:14:50 [1,929ms] [Error] [omni.ext.plugin] [ext: omni.gpu_foundation-0.0.0] Failed to startup python extension.
2024-12-13 20:14:52 [4,455ms] [Error] [gpu.foundation.plugin] Failed opening shader cache version file: ./shadercache/common/version
2024-12-13 20:14:52 [4,455ms] [Error] [gpu.foundation.plugin] Failed to process shader cache version file
2024-12-13 20:14:55 [6,731ms] [Error] [omni.kit.app._impl] [py stderr]: /isaac-sim/kit/exts/omni.usd.libs/pxr/Tf/__DOC.py:290: DeprecationWarning: invalid escape sequence '\ '
  result["MallocTag"].GetCallTree.func_doc = """**classmethod** GetCallTree(tree, skipRepeated) -> bool
2024-12-13 20:14:55 [6,897ms] [Error] [omni.kit.app._impl] [py stderr]: /isaac-sim/kit/exts/omni.usd.libs/pxr/Sdf/__DOC.py:11: DeprecationWarning: invalid escape sequence '\p'
  result["AssetPath"].__init__.func_doc = """__init__()
2024-12-13 20:14:55 [7,012ms] [Error] [omni.kit.app._impl] [py stderr]: /isaac-sim/kit/exts/omni.usd.libs/pxr/UsdSkel/__DOC.py:500: DeprecationWarning: invalid escape sequence '\e'
  result["AnimMapper"].Remap.func_doc = """Remap(source, target, elementSize, defaultValue) -> bool
2024-12-13 20:14:56 [7,543ms] [Error] [omni.kit.app._impl] [py stderr]: /isaac-sim/kit/exts/omni.usd/omni/usd/_impl/utils.py:1196: DeprecationWarning: invalid escape sequence '\d'
  match = re.search("_(\d+)$", path)
2024-12-13 20:14:56 [7,671ms] [Error] [omni.kit.app._impl] [py stderr]: /isaac-sim/kit/exts/omni.kit.renderer.imgui/omni/kit/ui/editor_menu.py:106: DeprecationWarning: invalid escape sequence '\/'
  menu_parts = menu_path.replace("\/", "@TEMPSLASH@").split("/")
2024-12-13 20:14:56 [7,742ms] [Error] [omni.kit.app._impl] [py stderr]: /isaac-sim/kit/exts/omni.kit.widget.filebrowser/omni/kit/widget/filebrowser/model.py:454: DeprecationWarning: invalid escape sequence '\.'
  compiled_regex = re.compile(r'([\w.-]+)(.)('+numbers+')\.('+types+')$')
2024-12-13 20:14:59 [10,903ms] [Error] [omni.kit.app._impl] [py stderr]: /isaac-sim/extsPhysics/omni.physx/omni/physx/scripts/physicsUtils.py:39: DeprecationWarning: invalid escape sequence '\d'
  match = re.search("_(\d+)$", path)
2024-12-13 20:14:59 [10,926ms] [Error] [omni.kit.app._impl] [py stderr]: /isaac-sim/exts/omni.isaac.core/omni/isaac/core/utils/deformable_mesh_utils.py:30: DeprecationWarning: invalid escape sequence '\s'
  v_pat = re.compile(r"^\s*[vV]\s*" + flt_grp + "\s*" + flt_grp + "\s*" + flt_grp + "\s*$")
2024-12-13 20:14:59 [11,211ms] [Error] [omni.kit.app.plugin] failed to open file '/isaac-sim/kit/data/Kit/Isaac-Sim/4.0/user.config.json' - unable to save the dictionary
2024-12-13 20:14:59 [11,236ms] [Error] [omni.kit.app._impl] [py stderr]: /isaac-sim/kit/exts/omni.usd.libs/pxr/PxOsd/__DOC.py:270: DeprecationWarning: invalid escape sequence '\w'
  result["MeshTopologyValidation"].__doc__ = """
2024-12-13 20:14:59 [11,242ms] [Error] [omni.kit.app._impl] [py stderr]: /isaac-sim/extscache/omni.graph.action_nodes-1.21.3+106.0.0.lx64.r.cp310/omni/graph/action_nodes/ogn/OgnCountdownDatabase.py:1: DeprecationWarning: invalid escape sequence '\ '
  """Support for simplified access to data on nodes of type omni.graph.action.Countdown
2024-12-13 20:15:00 [12,510ms] [Error] [omni.kit.app.plugin] failed to open file '/isaac-sim/kit/data/Kit/Isaac-Sim/4.0/user.config.json' - unable to save the dictionary
2024-12-13 20:15:01 [13,365ms] [Error] [rtx.neuraylib.plugin] Cannot find `Documents/Kit/shared` directory.
[W init.cpp:767] Warning: nvfuser is no longer supported in torch script, use _jit_set_nvfuser_enabled is deprecated and a no-op (function operator())
2024-12-13 20:15:03 [15,266ms] [Error] [omni.kit.app.plugin] failed to open file '/isaac-sim/kit/data/Kit/Isaac-Sim/4.0/user.config.json' - unable to save the dictionary
2024-12-13 20:15:03 [15,288ms] [Error] [omni.kit.app.plugin] failed to open file '/isaac-sim/kit/data/Kit/Isaac-Sim/4.0/user.config.json' - unable to save the dictionary
*** Error in `srun': double free or corruption (fasttop): 0x0000000002271f00 ***
/var/spool/slurmd/job11203283/slurm_script: line 55: 29562 Aborted                 srun apptainer exec --nv -C --env "ACCEPT_EULA=Y" --env "PRIVACY_CONSENT=Y" --env WANDB_API_KEY=$WANDB_API_KEY -B "/home/nfs/meesjansen/Options_In_Simulation:/workspace/Options_In_Simulation" -B "$data/cache/kit:/isaac-sim/kit/cache" -B "$data/cache/ov:$HOME/.cache/ov" -B "$data/cache/pip:$HOME/.cache/pip" -B "$data/cache/glcache:$HOME/.cache/nvidia/GLCache" -B "$data/cache/computecache:$HOME/.nv/ComputeCache" -B "$data/logs:$HOME/.nvidia-omniverse/logs" -B "$data/data:$HOME/.local/share/ov/data" -B "$data/documents:$HOME/Documents" $APPTAINER_ROOT/$APPTAINER_NAME /isaac-sim/python.sh /workspace/Options_In_Simulation/train_mixed_z_r1.py
+ /usr/bin/nvidia-smi --query-accounted-apps=gpu_utilization,mem_utilization,max_memory_usage,time --format=csv
+ /usr/bin/grep -v -F '93 %, 41 %, 34346 MiB, 1094657 ms
93 %, 41 %, 34346 MiB, 1080486 ms
95 %, 28 %, 34346 MiB, 2176640 ms
93 %, 20 %, 34346 MiB, 1483470 ms
93 %, 19 %, 34346 MiB, 1428618 ms
98 %, 38 %, 34346 MiB, 5755437 ms
97 %, 44 %, 34346 MiB, 3283024 ms
89 %, 23 %, 34346 MiB, 782170 ms
94 %, 43 %, 34348 MiB, 1590426 ms
93 %, 42 %, 34348 MiB, 1292273 ms
94 %, 28 %, 34346 MiB, 2308972 ms
97 %, 40 %, 34348 MiB, 6616832 ms
97 %, 41 %, 34348 MiB, 5784814 ms
94 %, 44 %, 34348 MiB, 1242293 ms
94 %, 26 %, 34346 MiB, 1974319 ms
94 %, 22 %, 34346 MiB, 1650492 ms
97 %, 44 %, 34348 MiB, 4905500 ms
97 %, 44 %, 34348 MiB, 4742736 ms
85 %, 3 %, 34344 MiB, 522419 ms
87 %, 6 %, 34344 MiB, 755603 ms
90 %, 2 %, 34344 MiB, 1094063 ms
91 %, 7 %, 34344 MiB, 1180364 ms
91 %, 7 %, 34344 MiB, 1164665 ms
82 %, 3 %, 34346 MiB, 543722 ms
86 %, 6 %, 34346 MiB, 786939 ms
82 %, 3 %, 34346 MiB, 540706 ms
88 %, 2 %, 34346 MiB, 1136341 ms
88 %, 7 %, 34346 MiB, 1227382 ms
88 %, 2 %, 34346 MiB, 1118241 ms
83 %, 3 %, 34344 MiB, 526895 ms
87 %, 6 %, 34344 MiB, 747295 ms
83 %, 3 %, 34344 MiB, 522598 ms
87 %, 6 %, 34344 MiB, 739423 ms
90 %, 7 %, 34344 MiB, 1145290 ms
90 %, 2 %, 34344 MiB, 1049262 ms
90 %, 7 %, 34344 MiB, 1130305 ms
85 %, 6 %, 34344 MiB, 768494 ms
82 %, 3 %, 34344 MiB, 529345 ms
86 %, 6 %, 34344 MiB, 754192 ms
88 %, 7 %, 34344 MiB, 1188680 ms
88 %, 2 %, 34344 MiB, 1082398 ms
88 %, 7 %, 34344 MiB, 1173677 ms
20 %, 0 %, 1024 MiB, 17728657 ms
20 %, 0 %, 1024 MiB, 17647488 ms
20 %, 0 %, 1026 MiB, 28560952 ms
21 %, 0 %, 1024 MiB, 26588638 ms
21 %, 0 %, 1024 MiB, 26197687 ms
19 %, 0 %, 1024 MiB, 18542517 ms
29 %, 13 %, 7232 MiB, 29121 ms
35 %, 0 %, 7502 MiB, 23586357 ms
1 %, 1 %, 1814 MiB, 7194327 ms
44 %, 21 %, 29700 MiB, 13471758 ms
42 %, 20 %, 29700 MiB, 14198887 ms
60 %, 29 %, 29700 MiB, 9928381 ms
69 %, 33 %, 29700 MiB, 8613375 ms
0 %, 0 %, 34322 MiB, 6124 ms
0 %, 0 %, 34322 MiB, 9223 ms
0 %, 0 %, 34322 MiB, 9827 ms
86 %, 3 %, 34344 MiB, 707130 ms
86 %, 3 %, 34344 MiB, 709498 ms
86 %, 3 %, 34344 MiB, 708872 ms
86 %, 3 %, 34344 MiB, 708949 ms
86 %, 3 %, 34344 MiB, 709734 ms
86 %, 3 %, 34344 MiB, 710122 ms
86 %, 3 %, 34344 MiB, 708461 ms
86 %, 3 %, 34344 MiB, 710676 ms
86 %, 3 %, 34344 MiB, 708981 ms
86 %, 3 %, 34344 MiB, 701705 ms
86 %, 3 %, 34344 MiB, 700390 ms
86 %, 3 %, 34344 MiB, 705468 ms
86 %, 3 %, 34344 MiB, 700585 ms
86 %, 3 %, 34344 MiB, 701402 ms
87 %, 6 %, 34344 MiB, 749345 ms
87 %, 6 %, 34344 MiB, 749214 ms
87 %, 6 %, 34344 MiB, 748517 ms
87 %, 6 %, 34344 MiB, 746945 ms
87 %, 6 %, 34344 MiB, 735539 ms
89 %, 6 %, 34342 MiB, 703763 ms
90 %, 2 %, 34344 MiB, 1059757 ms
90 %, 2 %, 34344 MiB, 1046706 ms
90 %, 2 %, 34344 MiB, 1046390 ms
91 %, 8 %, 34344 MiB, 1142651 ms
91 %, 7 %, 34344 MiB, 1143233 ms
90 %, 7 %, 34344 MiB, 1132298 ms
91 %, 3 %, 34344 MiB, 1427436 ms
91 %, 3 %, 34344 MiB, 1425717 ms
92 %, 2 %, 34344 MiB, 1401000 ms
92 %, 8 %, 34344 MiB, 1542419 ms
92 %, 8 %, 34344 MiB, 1541420 ms
85 %, 7 %, 34342 MiB, 448528 ms
93 %, 25 %, 34346 MiB, 1102870 ms
92 %, 24 %, 34346 MiB, 1110017 ms
92 %, 22 %, 34346 MiB, 1015951 ms
94 %, 32 %, 34346 MiB, 1514127 ms
95 %, 34 %, 34346 MiB, 1827984 ms
94 %, 26 %, 34346 MiB, 1910227 ms
95 %, 28 %, 34346 MiB, 2034019 ms
96 %, 34 %, 34346 MiB, 2978240 ms
93 %, 29 %, 34346 MiB, 869950 ms
96 %, 29 %, 34346 MiB, 3022501 ms
96 %, 29 %, 34346 MiB, 2993489 ms
97 %, 34 %, 34346 MiB, 5130660 ms
96 %, 31 %, 34346 MiB, 3251795 ms
6 %, 0 %, 1612 MiB, 204665 ms
7 %, 0 %, 1612 MiB, 462615 ms
1 %, 0 %, 3152 MiB, 1898961 ms
1 %, 0 %, 3152 MiB, 1935648 ms
1 %, 0 %, 3152 MiB, 1797694 ms
1 %, 0 %, 3152 MiB, 1866631 ms
1 %, 0 %, 3152 MiB, 1928454 ms
1 %, 0 %, 3152 MiB, 1754989 ms
1 %, 0 %, 3152 MiB, 1914459 ms
1 %, 0 %, 3152 MiB, 1861577 ms
96 %, 30 %, 34346 MiB, 3141879 ms
1 %, 0 %, 3152 MiB, 1856123 ms
1 %, 0 %, 3152 MiB, 1983066 ms
1 %, 0 %, 3152 MiB, 1837415 ms
1 %, 0 %, 3152 MiB, 826448 ms
1 %, 0 %, 3152 MiB, 783522 ms
1 %, 0 %, 3152 MiB, 2029350 ms
1 %, 0 %, 3152 MiB, 1889632 ms
1 %, 0 %, 3152 MiB, 799135 ms
1 %, 0 %, 3154 MiB, 1748969 ms
1 %, 0 %, 3152 MiB, 1753252 ms
1 %, 0 %, 3152 MiB, 1840458 ms
21 %, 0 %, 1024 MiB, 26440098 ms
20 %, 0 %, 1024 MiB, 27214849 ms
21 %, 0 %, 1026 MiB, 27223761 ms'
