++ /usr/bin/nvidia-smi --query-accounted-apps=gpu_utilization,mem_utilization,max_memory_usage,time --format=csv
++ /usr/bin/tail -n +2
+ previous='84 %, 3 %, 34344 MiB, 513057 ms
85 %, 3 %, 34344 MiB, 510769 ms
84 %, 3 %, 34344 MiB, 513190 ms
86 %, 9 %, 34344 MiB, 571606 ms
86 %, 9 %, 34344 MiB, 570624 ms
86 %, 9 %, 34344 MiB, 570154 ms
86 %, 9 %, 34344 MiB, 571417 ms
86 %, 9 %, 34344 MiB, 571188 ms
90 %, 2 %, 34344 MiB, 1039932 ms
90 %, 2 %, 34344 MiB, 1040194 ms
90 %, 2 %, 34344 MiB, 1038597 ms
90 %, 2 %, 34344 MiB, 1037353 ms
92 %, 13 %, 34344 MiB, 1276217 ms
92 %, 13 %, 34344 MiB, 1270880 ms
92 %, 13 %, 34344 MiB, 1266803 ms
91 %, 13 %, 34344 MiB, 1279141 ms
84 %, 3 %, 34346 MiB, 530671 ms
83 %, 3 %, 34346 MiB, 531816 ms
84 %, 3 %, 34346 MiB, 528660 ms
84 %, 3 %, 34346 MiB, 529330 ms
85 %, 9 %, 34346 MiB, 598413 ms
85 %, 8 %, 34346 MiB, 600540 ms
85 %, 8 %, 34346 MiB, 600342 ms
85 %, 9 %, 34346 MiB, 598539 ms
88 %, 2 %, 34346 MiB, 1109303 ms
88 %, 2 %, 34346 MiB, 1108680 ms
88 %, 2 %, 34346 MiB, 1109584 ms
90 %, 12 %, 34346 MiB, 1384682 ms
90 %, 12 %, 34346 MiB, 1377054 ms
90 %, 12 %, 34346 MiB, 1377472 ms
85 %, 3 %, 34344 MiB, 520425 ms
85 %, 3 %, 34344 MiB, 520186 ms
85 %, 3 %, 34344 MiB, 520524 ms
85 %, 3 %, 34344 MiB, 520384 ms
85 %, 3 %, 34344 MiB, 520640 ms
86 %, 9 %, 34344 MiB, 588335 ms
86 %, 9 %, 34344 MiB, 587083 ms
87 %, 9 %, 34344 MiB, 584262 ms
90 %, 2 %, 34344 MiB, 1071240 ms
90 %, 2 %, 34344 MiB, 1072405 ms
90 %, 2 %, 34344 MiB, 1068053 ms
92 %, 13 %, 34344 MiB, 1338202 ms
92 %, 13 %, 34344 MiB, 1328365 ms
92 %, 13 %, 34346 MiB, 1339152 ms
92 %, 13 %, 34346 MiB, 1329330 ms
97 %, 41 %, 34346 MiB, 4202340 ms
97 %, 41 %, 34346 MiB, 4301406 ms
94 %, 44 %, 34348 MiB, 1559801 ms
94 %, 43 %, 34348 MiB, 1317836 ms
92 %, 23 %, 34346 MiB, 1886151 ms
97 %, 39 %, 34348 MiB, 7313495 ms
97 %, 41 %, 34348 MiB, 5441211 ms
94 %, 44 %, 34348 MiB, 1195903 ms
95 %, 27 %, 34346 MiB, 2090835 ms
98 %, 42 %, 34348 MiB, 6339272 ms
97 %, 44 %, 34348 MiB, 4446213 ms
89 %, 6 %, 34344 MiB, 751887 ms
88 %, 6 %, 34344 MiB, 748315 ms
90 %, 2 %, 34344 MiB, 1089873 ms
91 %, 7 %, 34344 MiB, 1177501 ms
91 %, 2 %, 34344 MiB, 1077105 ms
84 %, 3 %, 34346 MiB, 534774 ms
87 %, 6 %, 34346 MiB, 780135 ms
84 %, 3 %, 34346 MiB, 530286 ms
87 %, 6 %, 34346 MiB, 772036 ms
88 %, 2 %, 34346 MiB, 1129068 ms
88 %, 2 %, 34346 MiB, 1116415 ms
89 %, 7 %, 34346 MiB, 1208325 ms
88 %, 6 %, 34344 MiB, 738989 ms
85 %, 3 %, 34344 MiB, 512278 ms
88 %, 6 %, 34344 MiB, 730377 ms
91 %, 8 %, 34344 MiB, 1140710 ms
90 %, 2 %, 34344 MiB, 1048940 ms
91 %, 7 %, 34344 MiB, 1128584 ms
86 %, 6 %, 34344 MiB, 762394 ms
83 %, 3 %, 34344 MiB, 522680 ms
86 %, 6 %, 34344 MiB, 752606 ms
88 %, 7 %, 34344 MiB, 1191492 ms
88 %, 2 %, 34344 MiB, 1085108 ms
88 %, 7 %, 34344 MiB, 1174716 ms
21 %, 0 %, 1024 MiB, 15752948 ms
21 %, 0 %, 1024 MiB, 15696551 ms
23 %, 0 %, 1024 MiB, 24200456 ms
22 %, 0 %, 1024 MiB, 24961168 ms
22 %, 0 %, 1026 MiB, 25043231 ms
43 %, 18 %, 1154 MiB, 14422875 ms
21 %, 0 %, 1024 MiB, 16874425 ms
2 %, 0 %, 3692 MiB, 20032 ms
38 %, 0 %, 7400 MiB, 18007003 ms
0 %, 0 %, 754 MiB, 3698235 ms
83 %, 50 %, 1734 MiB, 6196533 ms
4 %, 4 %, 45378 MiB, 136882463 ms
88 %, 6 %, 34344 MiB, 726331 ms
88 %, 6 %, 34344 MiB, 730603 ms
90 %, 2 %, 34344 MiB, 1060411 ms
90 %, 2 %, 34344 MiB, 1060035 ms
91 %, 2 %, 34344 MiB, 1042812 ms
90 %, 2 %, 34344 MiB, 1042315 ms
91 %, 8 %, 34344 MiB, 1141164 ms
91 %, 7 %, 34344 MiB, 1127135 ms
91 %, 7 %, 34344 MiB, 1125005 ms
91 %, 3 %, 34344 MiB, 1424141 ms
92 %, 2 %, 34344 MiB, 1397348 ms
92 %, 2 %, 34344 MiB, 1395876 ms
92 %, 8 %, 34342 MiB, 1104481 ms
93 %, 26 %, 34346 MiB, 1198378 ms
93 %, 24 %, 34346 MiB, 1135788 ms
93 %, 26 %, 34346 MiB, 1207686 ms
93 %, 25 %, 34346 MiB, 1119676 ms
95 %, 34 %, 34346 MiB, 1719093 ms
95 %, 33 %, 34346 MiB, 1653968 ms
95 %, 27 %, 34346 MiB, 2091875 ms
95 %, 27 %, 34346 MiB, 2031717 ms
96 %, 32 %, 34346 MiB, 2197884 ms
96 %, 34 %, 34346 MiB, 2925974 ms
96 %, 31 %, 34346 MiB, 3454015 ms
97 %, 34 %, 34346 MiB, 5423772 ms
96 %, 31 %, 34346 MiB, 2604959 ms
21 %, 8 %, 1012 MiB, 204295 ms
13 %, 2 %, 1018 MiB, 1735410 ms
84 %, 80 %, 44600 MiB, 40522896 ms
1 %, 0 %, 3152 MiB, 807803 ms
0 %, 0 %, 4211 MiB, 108531 ms
0 %, 0 %, 4211 MiB, 63353 ms
22 %, 0 %, 1024 MiB, 24194328 ms
22 %, 0 %, 1024 MiB, 24842560 ms
23 %, 0 %, 1024 MiB, 23852461 ms
43 %, 16 %, 1142 MiB, 14414425 ms'
+ /usr/bin/nvidia-smi
+ module use /opt/insy/modulefiles
+ '[' -z '' ']'
+ case "$-" in
+ __lmod_sh_dbg=x
+ '[' -n x ']'
+ set +x
Shell debugging temporarily silenced: export LMOD_SH_DBG_ON=1 for Lmod's output
Shell debugging restarted
+ unset __lmod_sh_dbg
+ return 0
+ export APPTAINER_ROOT=/winhome/meesjansen
+ APPTAINER_ROOT=/winhome/meesjansen
+ export APPTAINER_NAME=isaac-sim-custom.sif
+ APPTAINER_NAME=isaac-sim-custom.sif
+ export ISAACSIM_PATH=/isaac-sim
+ ISAACSIM_PATH=/isaac-sim
+ export ISAACSIM_PYTHON_EXE=/isaac-sim/python.sh
+ ISAACSIM_PYTHON_EXE=/isaac-sim/python.sh
+ export data=/home/nfs/meesjansen/isaac-sim
+ data=/home/nfs/meesjansen/isaac-sim
+ export HOME=/root
+ HOME=/root
+ srun apptainer exec --nv -C --env ACCEPT_EULA=Y --env PRIVACY_CONSENT=Y --env WANDB_API_KEY=e01d8dc5d40f0a16f58885a3808bf560a32837d7 -B /home/nfs/meesjansen/Options_In_Simulation:/workspace/Options_In_Simulation -B /home/nfs/meesjansen/isaac-sim/cache/kit:/isaac-sim/kit/cache -B /home/nfs/meesjansen/isaac-sim/cache/ov:/root/.cache/ov -B /home/nfs/meesjansen/isaac-sim/cache/pip:/root/.cache/pip -B /home/nfs/meesjansen/isaac-sim/cache/glcache:/root/.cache/nvidia/GLCache -B /home/nfs/meesjansen/isaac-sim/cache/computecache:/root/.nv/ComputeCache -B /home/nfs/meesjansen/isaac-sim/logs:/root/.nvidia-omniverse/logs -B /home/nfs/meesjansen/isaac-sim/data:/root/.local/share/ov/data -B /home/nfs/meesjansen/isaac-sim/documents:/root/Documents /winhome/meesjansen/isaac-sim-custom.sif /isaac-sim/python.sh /workspace/Options_In_Simulation/train_mixed_CNNz_r1.py
[33;20m[skrl:WARNING] Using `from skrl.envs.torch import ...` is deprecated and will be removed in future versions.[0m
[33;20m[skrl:WARNING]  - Import loaders using `from skrl.envs.loaders.torch import ...`[0m
[33;20m[skrl:WARNING]  - Import wrappers using `from skrl.envs.wrappers.torch import ...`[0m
[38;20m[skrl:INFO] Seed: 42[0m
2024-12-13 20:14:50 [1,717ms] [Error] [carb.scripting-python.plugin] OSError: [Errno 30] Read-only file system: '/isaac-sim/kit/exts/omni.gpu_foundation/cache/nv_shadercache'

At:
  /isaac-sim/kit/python/lib/python3.10/os.py(230): makedirs
  /isaac-sim/kit/exts/omni.gpu_foundation/omni/gpu_foundation_factory/impl/foundation_extension.py(77): setup_shadercache_locations
  /isaac-sim/kit/exts/omni.gpu_foundation/omni/gpu_foundation_factory/impl/foundation_extension.py(142): on_startup
  /isaac-sim/kit/kernel/py/omni/ext/_impl/_internal.py(164): _startup_ext
  /isaac-sim/kit/kernel/py/omni/ext/_impl/_internal.py(224): startup
  /isaac-sim/kit/kernel/py/omni/ext/_impl/_internal.py(328): startup_extension
  PythonExtension.cpp::startup()(2): <module>
  /isaac-sim/exts/omni.isaac.kit/omni/isaac/kit/simulation_app.py(350): _start_app
  /isaac-sim/exts/omni.isaac.kit/omni/isaac/kit/simulation_app.py(197): __init__
  /isaac-sim/exts/omni.isaac.gym/omni/isaac/gym/vec_env/vec_env_base.py(66): __init__
  /isaac-sim/kit/python/lib/python3.10/site-packages/skrl/utils/omniverse_isaacgym_utils.py(329): get_env_instance
  /workspace/Options_In_Simulation/train_mixed_CNNz_r1.py(112): <module>

2024-12-13 20:14:50 [1,717ms] [Error] [omni.ext.plugin] [ext: omni.gpu_foundation-0.0.0] Failed to startup python extension.
2024-12-13 20:14:52 [4,114ms] [Error] [gpu.foundation.plugin] Failed opening shader cache version file: ./shadercache/common/version
2024-12-13 20:14:52 [4,114ms] [Error] [gpu.foundation.plugin] Failed to process shader cache version file
2024-12-13 20:14:54 [5,813ms] [Error] [omni.kit.app._impl] [py stderr]: /isaac-sim/kit/exts/omni.usd.libs/pxr/Tf/__DOC.py:290: DeprecationWarning: invalid escape sequence '\ '
  result["MallocTag"].GetCallTree.func_doc = """**classmethod** GetCallTree(tree, skipRepeated) -> bool
2024-12-13 20:14:54 [5,939ms] [Error] [omni.kit.app._impl] [py stderr]: /isaac-sim/kit/exts/omni.usd.libs/pxr/Sdf/__DOC.py:11: DeprecationWarning: invalid escape sequence '\p'
  result["AssetPath"].__init__.func_doc = """__init__()
2024-12-13 20:14:54 [6,043ms] [Error] [omni.kit.app._impl] [py stderr]: /isaac-sim/kit/exts/omni.usd.libs/pxr/UsdSkel/__DOC.py:500: DeprecationWarning: invalid escape sequence '\e'
  result["AnimMapper"].Remap.func_doc = """Remap(source, target, elementSize, defaultValue) -> bool
2024-12-13 20:14:54 [6,463ms] [Error] [omni.kit.app._impl] [py stderr]: /isaac-sim/kit/exts/omni.usd/omni/usd/_impl/utils.py:1196: DeprecationWarning: invalid escape sequence '\d'
  match = re.search("_(\d+)$", path)
2024-12-13 20:14:55 [6,568ms] [Error] [omni.kit.app._impl] [py stderr]: /isaac-sim/kit/exts/omni.kit.renderer.imgui/omni/kit/ui/editor_menu.py:106: DeprecationWarning: invalid escape sequence '\/'
  menu_parts = menu_path.replace("\/", "@TEMPSLASH@").split("/")
2024-12-13 20:14:55 [6,630ms] [Error] [omni.kit.app._impl] [py stderr]: /isaac-sim/kit/exts/omni.kit.widget.filebrowser/omni/kit/widget/filebrowser/model.py:454: DeprecationWarning: invalid escape sequence '\.'
  compiled_regex = re.compile(r'([\w.-]+)(.)('+numbers+')\.('+types+')$')
2024-12-13 20:14:57 [9,281ms] [Error] [omni.kit.app._impl] [py stderr]: /isaac-sim/extsPhysics/omni.physx/omni/physx/scripts/physicsUtils.py:39: DeprecationWarning: invalid escape sequence '\d'
  match = re.search("_(\d+)$", path)
2024-12-13 20:14:57 [9,305ms] [Error] [omni.kit.app._impl] [py stderr]: /isaac-sim/exts/omni.isaac.core/omni/isaac/core/utils/deformable_mesh_utils.py:30: DeprecationWarning: invalid escape sequence '\s'
  v_pat = re.compile(r"^\s*[vV]\s*" + flt_grp + "\s*" + flt_grp + "\s*" + flt_grp + "\s*$")
2024-12-13 20:14:57 [9,534ms] [Error] [omni.kit.app.plugin] failed to open file '/isaac-sim/kit/data/Kit/Isaac-Sim/4.0/user.config.json' - unable to save the dictionary
2024-12-13 20:14:57 [9,543ms] [Error] [omni.kit.app._impl] [py stderr]: /isaac-sim/kit/exts/omni.usd.libs/pxr/PxOsd/__DOC.py:270: DeprecationWarning: invalid escape sequence '\w'
  result["MeshTopologyValidation"].__doc__ = """
2024-12-13 20:14:58 [9,867ms] [Error] [omni.kit.app._impl] [py stderr]: /isaac-sim/extscache/omni.graph.action_nodes-1.21.3+106.0.0.lx64.r.cp310/omni/graph/action_nodes/ogn/OgnCountdownDatabase.py:1: DeprecationWarning: invalid escape sequence '\ '
  """Support for simplified access to data on nodes of type omni.graph.action.Countdown
2024-12-13 20:14:59 [10,662ms] [Error] [omni.kit.app.plugin] failed to open file '/isaac-sim/kit/data/Kit/Isaac-Sim/4.0/user.config.json' - unable to save the dictionary
2024-12-13 20:14:59 [11,426ms] [Error] [rtx.neuraylib.plugin] Cannot find `Documents/Kit/shared` directory.
[W init.cpp:767] Warning: nvfuser is no longer supported in torch script, use _jit_set_nvfuser_enabled is deprecated and a no-op (function operator())
2024-12-13 20:15:01 [13,488ms] [Error] [omni.kit.app.plugin] failed to open file '/isaac-sim/kit/data/Kit/Isaac-Sim/4.0/user.config.json' - unable to save the dictionary
2024-12-13 20:15:01 [13,504ms] [Error] [omni.kit.app.plugin] failed to open file '/isaac-sim/kit/data/Kit/Isaac-Sim/4.0/user.config.json' - unable to save the dictionary
srun: error: gpu12: task 0: Exited with exit code 1
srun: launch/slurm: _step_signal: Terminating StepId=11203281.0
