++ /usr/bin/nvidia-smi --query-accounted-apps=gpu_utilization,mem_utilization,max_memory_usage,time --format=csv
++ /usr/bin/tail -n +2
+ previous='42 %, 20 %, 30012 MiB, 7992811 ms
42 %, 20 %, 30010 MiB, 7629958 ms
42 %, 20 %, 30010 MiB, 8246338 ms
42 %, 20 %, 30010 MiB, 8157123 ms
99 %, 60 %, 34356 MiB, 34311908 ms
98 %, 54 %, 34356 MiB, 43015896 ms
99 %, 55 %, 34352 MiB, 52241081 ms
1 %, 0 %, 3472 MiB, 907759 ms
1 %, 0 %, 3472 MiB, 848425 ms
1 %, 0 %, 3472 MiB, 903688 ms
1 %, 0 %, 3472 MiB, 902056 ms
1 %, 0 %, 3472 MiB, 852437 ms
1 %, 0 %, 3472 MiB, 912123 ms
36 %, 17 %, 29700 MiB, 8067662 ms
38 %, 18 %, 29700 MiB, 7665987 ms
38 %, 18 %, 29700 MiB, 7520112 ms
40 %, 19 %, 29700 MiB, 7319720 ms
1 %, 0 %, 3152 MiB, 923158 ms
1 %, 0 %, 3152 MiB, 888457 ms
41 %, 19 %, 29700 MiB, 7079397 ms
40 %, 19 %, 29700 MiB, 7224896 ms
40 %, 19 %, 29700 MiB, 7168830 ms
1 %, 0 %, 3152 MiB, 893943 ms
6 %, 6 %, 5706 MiB, 604757428 ms
24 %, 18 %, 43104 MiB, 48641136 ms
1 %, 0 %, 4950 MiB, 104336 ms
23 %, 17 %, 34074 MiB, 7221234 ms
19 %, 14 %, 25200 MiB, 382056 ms
23 %, 17 %, 34120 MiB, 43212361 ms
24 %, 18 %, 34236 MiB, 43231200 ms
76 %, 1 %, 34406 MiB, 57590008 ms
70 %, 50 %, 11936 MiB, 6289422 ms
88 %, 2 %, 34418 MiB, 57607118 ms
97 %, 35 %, 34352 MiB, 17695882 ms
97 %, 56 %, 34352 MiB, 13056955 ms
98 %, 59 %, 34352 MiB, 27332104 ms
98 %, 62 %, 34352 MiB, 36974173 ms
0 %, 0 %, 34322 MiB, 16473 ms
0 %, 0 %, 34322 MiB, 13463 ms
0 %, 0 %, 34322 MiB, 14691 ms
0 %, 0 %, 34322 MiB, 13451 ms
0 %, 0 %, 34322 MiB, 13822 ms
0 %, 0 %, 34322 MiB, 13440 ms
0 %, 0 %, 34322 MiB, 13474 ms
0 %, 0 %, 34322 MiB, 14406 ms
0 %, 0 %, 34322 MiB, 13445 ms
0 %, 0 %, 34322 MiB, 14679 ms
0 %, 0 %, 34322 MiB, 13451 ms
0 %, 0 %, 34322 MiB, 13395 ms
0 %, 0 %, 34322 MiB, 13482 ms
0 %, 0 %, 34322 MiB, 13388 ms
0 %, 0 %, 34322 MiB, 13382 ms
0 %, 0 %, 34322 MiB, 13481 ms
0 %, 0 %, 34322 MiB, 13931 ms
0 %, 0 %, 34322 MiB, 13383 ms
99 %, 92 %, 34350 MiB, 34203722 ms
70 %, 57 %, 9208 MiB, 22082379 ms
96 %, 15 %, 34348 MiB, 2224681 ms
96 %, 18 %, 34348 MiB, 3303495 ms
96 %, 18 %, 34348 MiB, 3410513 ms
98 %, 30 %, 34350 MiB, 14809640 ms
99 %, 21 %, 34350 MiB, 36168470 ms
94 %, 8 %, 34348 MiB, 2860929 ms
92 %, 7 %, 34348 MiB, 2938880 ms
92 %, 9 %, 34348 MiB, 3295011 ms
92 %, 8 %, 34348 MiB, 3060867 ms
96 %, 17 %, 34348 MiB, 5313196 ms
97 %, 19 %, 34348 MiB, 8414194 ms
99 %, 25 %, 34350 MiB, 41834399 ms
97 %, 32 %, 34348 MiB, 1921890 ms
37 %, 18 %, 36302 MiB, 513637 ms
45 %, 22 %, 45336 MiB, 701699 ms
15 %, 9 %, 16442 MiB, 125002 ms
24 %, 13 %, 26490 MiB, 231620 ms
39 %, 19 %, 42756 MiB, 485252 ms
6 %, 6 %, 5388 MiB, 592823699 ms
94 %, 19 %, 34408 MiB, 8611364 ms
96 %, 42 %, 34408 MiB, 15840879 ms
94 %, 19 %, 34408 MiB, 8661705 ms
96 %, 42 %, 34408 MiB, 15370141 ms
96 %, 41 %, 34408 MiB, 15974894 ms
96 %, 20 %, 34408 MiB, 17142772 ms
96 %, 19 %, 34408 MiB, 16404628 ms
94 %, 19 %, 34408 MiB, 16137813 ms
95 %, 18 %, 34408 MiB, 15422432 ms
76 %, 2 %, 34412 MiB, 57605785 ms
55 %, 39 %, 11936 MiB, 1066932 ms
13 %, 11 %, 43890 MiB, 28785675 ms
80 %, 2 %, 34406 MiB, 57599202 ms
72 %, 2 %, 34406 MiB, 57626006 ms
59 %, 44 %, 24648 MiB, 90012160 ms
54 %, 30 %, 8126 MiB, 114842480 ms
96 %, 75 %, 4748 MiB, 9381863 ms
12 %, 0 %, 610 MiB, 8096439 ms
14 %, 1 %, 1308 MiB, 4376775 ms
60 %, 45 %, 24652 MiB, 129573776 ms
0 %, 0 %, 314 MiB, 5356 ms
0 %, 0 %, 314 MiB, 1263 ms
0 %, 0 %, 314 MiB, 1154 ms
0 %, 0 %, 314 MiB, 1230 ms
0 %, 0 %, 314 MiB, 1139 ms
0 %, 0 %, 314 MiB, 1150 ms
0 %, 0 %, 314 MiB, 1050 ms
1 %, 0 %, 314 MiB, 1054 ms
0 %, 0 %, 314 MiB, 1023 ms
0 %, 0 %, 314 MiB, 1017 ms
0 %, 0 %, 624 MiB, 1926376 ms
0 %, 0 %, 260 MiB, 856589 ms
4 %, 3 %, 9750 MiB, 856686 ms
1 %, 0 %, 1814 MiB, 4772557 ms
62 %, 30 %, 29700 MiB, 11775180 ms
64 %, 31 %, 29700 MiB, 10895867 ms
63 %, 30 %, 29700 MiB, 10876029 ms
64 %, 3 %, 34406 MiB, 57627882 ms
0 %, 0 %, 1060 MiB, 17747 ms
61 %, 29 %, 29700 MiB, 9806363 ms
67 %, 32 %, 29700 MiB, 8865574 ms
75 %, 49 %, 1222 MiB, 6397453 ms
0 %, 0 %, 406 MiB, 17222 ms
37 %, 18 %, 29700 MiB, 2307917 ms
68 %, 33 %, 29700 MiB, 8672118 ms
28 %, 11 %, 6148 MiB, 110507286 ms
53 %, 44 %, 2970 MiB, 494863 ms
60 %, 51 %, 3218 MiB, 406773 ms
89 %, 53 %, 1960 MiB, 7013863 ms
20 %, 0 %, 1026 MiB, 10791602 ms
20 %, 0 %, 1024 MiB, 7549499 ms
8 %, 1 %, 39856 MiB, 604112430 ms'
+ /usr/bin/nvidia-smi
+ module use /opt/insy/modulefiles
+ '[' -z '' ']'
+ case "$-" in
+ __lmod_sh_dbg=x
+ '[' -n x ']'
+ set +x
Shell debugging temporarily silenced: export LMOD_SH_DBG_ON=1 for Lmod's output
Shell debugging restarted
+ unset __lmod_sh_dbg
+ return 0
+ export APPTAINER_ROOT=/winhome/meesjansen
+ APPTAINER_ROOT=/winhome/meesjansen
+ export APPTAINER_NAME=isaac-sim-custom.sif
+ APPTAINER_NAME=isaac-sim-custom.sif
+ export ISAACSIM_PATH=/isaac-sim
+ ISAACSIM_PATH=/isaac-sim
+ export ISAACSIM_PYTHON_EXE=/isaac-sim/python.sh
+ ISAACSIM_PYTHON_EXE=/isaac-sim/python.sh
+ export data=/home/nfs/meesjansen/isaac-sim
+ data=/home/nfs/meesjansen/isaac-sim
+ export HOME=/root
+ HOME=/root
+ srun apptainer exec --nv -C --env ACCEPT_EULA=Y --env PRIVACY_CONSENT=Y --env WANDB_API_KEY=e01d8dc5d40f0a16f58885a3808bf560a32837d7 -B /home/nfs/meesjansen/Options_In_Simulation:/workspace/Options_In_Simulation -B /home/nfs/meesjansen/isaac-sim/cache/kit:/isaac-sim/kit/cache -B /home/nfs/meesjansen/isaac-sim/cache/ov:/root/.cache/ov -B /home/nfs/meesjansen/isaac-sim/cache/pip:/root/.cache/pip -B /home/nfs/meesjansen/isaac-sim/cache/glcache:/root/.cache/nvidia/GLCache -B /home/nfs/meesjansen/isaac-sim/cache/computecache:/root/.nv/ComputeCache -B /home/nfs/meesjansen/isaac-sim/logs:/root/.nvidia-omniverse/logs -B /home/nfs/meesjansen/isaac-sim/data:/root/.local/share/ov/data -B /home/nfs/meesjansen/isaac-sim/documents:/root/Documents /winhome/meesjansen/isaac-sim-custom.sif /isaac-sim/python.sh /workspace/Options_In_Simulation/train_DQN_r7.py
[38;20m[skrl:INFO] Seed: 42[0m
2024-11-25 14:51:59 [1,981ms] [Error] [carb.scripting-python.plugin] OSError: [Errno 30] Read-only file system: '/isaac-sim/kit/exts/omni.gpu_foundation/cache/nv_shadercache'

At:
  /isaac-sim/kit/python/lib/python3.10/os.py(230): makedirs
  /isaac-sim/kit/exts/omni.gpu_foundation/omni/gpu_foundation_factory/impl/foundation_extension.py(77): setup_shadercache_locations
  /isaac-sim/kit/exts/omni.gpu_foundation/omni/gpu_foundation_factory/impl/foundation_extension.py(142): on_startup
  /isaac-sim/kit/kernel/py/omni/ext/_impl/_internal.py(164): _startup_ext
  /isaac-sim/kit/kernel/py/omni/ext/_impl/_internal.py(224): startup
  /isaac-sim/kit/kernel/py/omni/ext/_impl/_internal.py(328): startup_extension
  PythonExtension.cpp::startup()(2): <module>
  /isaac-sim/exts/omni.isaac.kit/omni/isaac/kit/simulation_app.py(350): _start_app
  /isaac-sim/exts/omni.isaac.kit/omni/isaac/kit/simulation_app.py(197): __init__
  /isaac-sim/exts/omni.isaac.gym/omni/isaac/gym/vec_env/vec_env_base.py(66): __init__
  /isaac-sim/kit/python/lib/python3.10/site-packages/skrl/utils/omniverse_isaacgym_utils.py(329): get_env_instance
  /workspace/Options_In_Simulation/train_DQN_r7.py(25): <module>

2024-11-25 14:51:59 [1,981ms] [Error] [omni.ext.plugin] [ext: omni.gpu_foundation-0.0.0] Failed to startup python extension.
2024-11-25 14:52:00 [3,167ms] [Error] [gpu.foundation.plugin] Failed opening shader cache version file: ./shadercache/common/version
2024-11-25 14:52:00 [3,167ms] [Error] [gpu.foundation.plugin] Failed to process shader cache version file
2024-11-25 14:52:02 [5,615ms] [Error] [omni.kit.app._impl] [py stderr]: /isaac-sim/kit/exts/omni.usd.libs/pxr/Tf/__DOC.py:290: DeprecationWarning: invalid escape sequence '\ '
  result["MallocTag"].GetCallTree.func_doc = """**classmethod** GetCallTree(tree, skipRepeated) -> bool
2024-11-25 14:52:03 [5,789ms] [Error] [omni.kit.app._impl] [py stderr]: /isaac-sim/kit/exts/omni.usd.libs/pxr/Sdf/__DOC.py:11: DeprecationWarning: invalid escape sequence '\p'
  result["AssetPath"].__init__.func_doc = """__init__()
2024-11-25 14:52:03 [5,917ms] [Error] [omni.kit.app._impl] [py stderr]: /isaac-sim/kit/exts/omni.usd.libs/pxr/UsdSkel/__DOC.py:500: DeprecationWarning: invalid escape sequence '\e'
  result["AnimMapper"].Remap.func_doc = """Remap(source, target, elementSize, defaultValue) -> bool
2024-11-25 14:52:03 [6,450ms] [Error] [omni.kit.app._impl] [py stderr]: /isaac-sim/kit/exts/omni.usd/omni/usd/_impl/utils.py:1196: DeprecationWarning: invalid escape sequence '\d'
  match = re.search("_(\d+)$", path)
2024-11-25 14:52:03 [6,561ms] [Error] [omni.kit.app._impl] [py stderr]: /isaac-sim/kit/exts/omni.kit.renderer.imgui/omni/kit/ui/editor_menu.py:106: DeprecationWarning: invalid escape sequence '\/'
  menu_parts = menu_path.replace("\/", "@TEMPSLASH@").split("/")
2024-11-25 14:52:03 [6,628ms] [Error] [omni.kit.app._impl] [py stderr]: /isaac-sim/kit/exts/omni.kit.widget.filebrowser/omni/kit/widget/filebrowser/model.py:454: DeprecationWarning: invalid escape sequence '\.'
  compiled_regex = re.compile(r'([\w.-]+)(.)('+numbers+')\.('+types+')$')
2024-11-25 14:52:07 [9,660ms] [Error] [omni.kit.app._impl] [py stderr]: /isaac-sim/extsPhysics/omni.physx/omni/physx/scripts/physicsUtils.py:39: DeprecationWarning: invalid escape sequence '\d'
  match = re.search("_(\d+)$", path)
2024-11-25 14:52:07 [9,682ms] [Error] [omni.kit.app._impl] [py stderr]: /isaac-sim/exts/omni.isaac.core/omni/isaac/core/utils/deformable_mesh_utils.py:30: DeprecationWarning: invalid escape sequence '\s'
  v_pat = re.compile(r"^\s*[vV]\s*" + flt_grp + "\s*" + flt_grp + "\s*" + flt_grp + "\s*$")
2024-11-25 14:52:07 [9,959ms] [Error] [omni.kit.app.plugin] failed to open file '/isaac-sim/kit/data/Kit/Isaac-Sim/4.0/user.config.json' - unable to save the dictionary
2024-11-25 14:52:07 [9,969ms] [Error] [omni.kit.app._impl] [py stderr]: /isaac-sim/kit/exts/omni.usd.libs/pxr/PxOsd/__DOC.py:270: DeprecationWarning: invalid escape sequence '\w'
  result["MeshTopologyValidation"].__doc__ = """
2024-11-25 14:52:07 [9,988ms] [Error] [omni.kit.app._impl] [py stderr]: /isaac-sim/extscache/omni.graph.action_nodes-1.21.3+106.0.0.lx64.r.cp310/omni/graph/action_nodes/ogn/OgnCountdownDatabase.py:1: DeprecationWarning: invalid escape sequence '\ '
  """Support for simplified access to data on nodes of type omni.graph.action.Countdown
2024-11-25 14:52:08 [11,225ms] [Error] [omni.kit.app.plugin] failed to open file '/isaac-sim/kit/data/Kit/Isaac-Sim/4.0/user.config.json' - unable to save the dictionary
2024-11-25 14:52:09 [12,069ms] [Error] [rtx.neuraylib.plugin] Cannot find `Documents/Kit/shared` directory.
[W init.cpp:767] Warning: nvfuser is no longer supported in torch script, use _jit_set_nvfuser_enabled is deprecated and a no-op (function operator())
2024-11-25 14:52:11 [13,866ms] [Error] [omni.kit.app.plugin] failed to open file '/isaac-sim/kit/data/Kit/Isaac-Sim/4.0/user.config.json' - unable to save the dictionary
2024-11-25 14:52:11 [13,883ms] [Error] [omni.kit.app.plugin] failed to open file '/isaac-sim/kit/data/Kit/Isaac-Sim/4.0/user.config.json' - unable to save the dictionary
2024-11-25 14:52:18 [21,061ms] [Error] [omni.kit.app.plugin] failed to open file '/isaac-sim/kit/data/Kit/Isaac-Sim/4.0/user.config.json' - unable to save the dictionary
[38;20m[skrl:INFO] Environment wrapper: Omniverse Isaac Gym[0m
2024-11-25 14:52:22 [25,303ms] [Error] [omni.kit.app._impl] [py stderr]: wandb: Currently logged in as: meesjansen (meesjansen-Delft Technical University). Use `wandb login --relogin` to force relogin
2024-11-25 14:52:25 [27,662ms] [Error] [omni.kit.app._impl] [py stderr]: wandb: wandb version 0.18.7 is available!  To upgrade, please run:
wandb:  $ pip install wandb --upgrade
2024-11-25 14:52:25 [27,662ms] [Error] [omni.kit.app._impl] [py stderr]: wandb: Tracking run with wandb version 0.12.21
2024-11-25 14:52:25 [27,662ms] [Error] [omni.kit.app._impl] [py stderr]: wandb: Run data is saved locally in /workspace/Options_In_Simulation/my_runs/wandb/run-20241125_155222-rdzsvmil
wandb: Run `wandb offline` to turn off syncing.
2024-11-25 14:52:25 [27,664ms] [Error] [omni.kit.app._impl] [py stderr]: wandb: Syncing run DQN_Terrain_Rooms_r7_long
2024-11-25 14:52:25 [27,664ms] [Error] [omni.kit.app._impl] [py stderr]: wandb: ⭐️ View project at https://wandb.ai/meesjansen-Delft%20Technical%20University/RL-Terrain-Simulation
2024-11-25 14:52:25 [27,664ms] [Error] [omni.kit.app._impl] [py stderr]: wandb: 🚀 View run at https://wandb.ai/meesjansen-Delft%20Technical%20University/RL-Terrain-Simulation/runs/rdzsvmil
2024-11-25 14:52:25 [27,672ms] [Error] [omni.kit.app._impl] [py stderr]: [34m[1mwandb[0m: [33mWARNING[0m Found log directory outside of given root_logdir, dropping given root_logdir for event file in /workspace/Options_In_Simulation/my_runs/r7/DQN_Terrain_Rooms_r7_long
srun: Job step aborted: Waiting up to 32 seconds for job step to finish.
slurmstepd: error: *** STEP 11141655.0 ON gpu09 CANCELLED AT 2024-11-26T06:52:18 DUE TO TIME LIMIT ***
slurmstepd: error: *** JOB 11141655 ON gpu09 CANCELLED AT 2024-11-26T06:52:18 DUE TO TIME LIMIT ***
