JobId=11141473 JobName=isaac-sim-job
   UserId=meesjansen(389003) GroupId=domain users(100513) MCS_label=N/A
   Priority=29577235 Nice=0 Account=me-cor QOS=medium
   JobState=RUNNING Reason=None Dependency=(null)
   Requeue=0 Restarts=0 BatchFlag=1 Reboot=0 ExitCode=0:0
   DerivedExitCode=0:0
   RunTime=00:00:01 TimeLimit=15:00:00 TimeMin=N/A
   SubmitTime=2024-11-25T12:47:34 EligibleTime=2024-11-25T12:47:34
   AccrueTime=2024-11-25T12:47:34
   StartTime=2024-11-25T13:58:24 EndTime=2024-11-26T04:58:24 Deadline=N/A
   SuspendTime=None SecsPreSuspend=0 LastSchedEval=2024-11-25T13:58:24 Scheduler=Backfill
   Partition=general AllocNode:Sid=login1:17352
   ReqNodeList=(null) ExcNodeList=(null)
   NodeList=gpu27
   BatchHost=gpu27
   NumNodes=1 NumCPUs=2 NumTasks=1 CPUs/Task=2 ReqB:S:C:T=0:0:*:*
   TRES=cpu=2,mem=24G,node=1,billing=18,gres/gpu=1
   Socks/Node=* NtasksPerN:B:S:C=0:0:*:* CoreSpec=*
   JOB_GRES=gpu:a40:1
     Nodes=gpu27 CPU_IDs=38-39 Mem=24576 GRES=gpu:a40:1(IDX:0)
   MinCPUsNode=2 MinMemoryNode=24G MinTmpDiskNode=0
   Features=(null) DelayBoot=00:00:00
   OverSubscribe=OK Contiguous=0 Licenses=(null) Network=(null)
   Command=/home/nfs/meesjansen/Options_In_Simulation/Apptainer/train_DQN_r7.sbatch
   WorkDir=/home/nfs/meesjansen/Options_In_Simulation/Apptainer
   StdErr=/home/nfs/meesjansen/Options_In_Simulation/Apptainer/isaac-sim-error_11141473.log
   StdIn=/dev/null
   StdOut=/home/nfs/meesjansen/Options_In_Simulation/Apptainer/isaac-sim-output_11141473.log
   Power=
   TresPerNode=gres:gpu:a40:1
   MailUser=meesjansen MailType=END
   

Mon Nov 25 13:58:25 2024       
+-----------------------------------------------------------------------------------------+
| NVIDIA-SMI 550.90.07              Driver Version: 550.90.07      CUDA Version: 12.4     |
|-----------------------------------------+------------------------+----------------------+
| GPU  Name                 Persistence-M | Bus-Id          Disp.A | Volatile Uncorr. ECC |
| Fan  Temp   Perf          Pwr:Usage/Cap |           Memory-Usage | GPU-Util  Compute M. |
|                                         |                        |               MIG M. |
|=========================================+========================+======================|
|   0  NVIDIA A40                     On  |   00000000:21:00.0 Off |                    0 |
|  0%   49C    P0             60W /  300W |       1MiB /  46068MiB |      0%      Default |
|                                         |                        |                  N/A |
+-----------------------------------------+------------------------+----------------------+
                                                                                         
+-----------------------------------------------------------------------------------------+
| Processes:                                                                              |
|  GPU   GI   CI        PID   Type   Process name                              GPU Memory |
|        ID   ID                                                               Usage      |
|=========================================================================================|
|  No running processes found                                                             |
+-----------------------------------------------------------------------------------------+
gpu_utilization [%], mem_utilization [%], max_memory_usage [MiB], time [ms]
