++ /usr/bin/nvidia-smi --query-accounted-apps=gpu_utilization,mem_utilization,max_memory_usage,time --format=csv
++ /usr/bin/tail -n +2
+ previous='94 %, 70 %, 6830 MiB, 352884 ms
95 %, 70 %, 6830 MiB, 353033 ms
94 %, 69 %, 6830 MiB, 353798 ms
94 %, 69 %, 6830 MiB, 352826 ms
95 %, 70 %, 6830 MiB, 352476 ms
94 %, 69 %, 6830 MiB, 352679 ms
95 %, 70 %, 6830 MiB, 351860 ms
94 %, 70 %, 6830 MiB, 352683 ms
95 %, 70 %, 6830 MiB, 352630 ms
95 %, 70 %, 6830 MiB, 351864 ms
94 %, 70 %, 6830 MiB, 352918 ms
95 %, 70 %, 6830 MiB, 352555 ms
95 %, 70 %, 6830 MiB, 352488 ms
95 %, 70 %, 6830 MiB, 352717 ms
95 %, 70 %, 6830 MiB, 352219 ms
95 %, 70 %, 6830 MiB, 351905 ms
95 %, 70 %, 6830 MiB, 352015 ms
95 %, 70 %, 6830 MiB, 352200 ms
95 %, 70 %, 6830 MiB, 350886 ms
18 %, 5 %, 3628 MiB, 5069 ms
95 %, 70 %, 6830 MiB, 351580 ms
95 %, 70 %, 6830 MiB, 351732 ms
95 %, 70 %, 6830 MiB, 351906 ms
95 %, 70 %, 6830 MiB, 351221 ms
95 %, 70 %, 6830 MiB, 351630 ms
95 %, 70 %, 6830 MiB, 351508 ms
95 %, 70 %, 6830 MiB, 351208 ms
95 %, 70 %, 6830 MiB, 351702 ms
95 %, 70 %, 6830 MiB, 351638 ms
95 %, 70 %, 6830 MiB, 352118 ms
95 %, 70 %, 6830 MiB, 351146 ms
95 %, 70 %, 6830 MiB, 351808 ms
95 %, 70 %, 6830 MiB, 351631 ms
95 %, 70 %, 6830 MiB, 351652 ms
95 %, 70 %, 6830 MiB, 351947 ms
95 %, 70 %, 6830 MiB, 351714 ms
95 %, 70 %, 6830 MiB, 350829 ms
95 %, 70 %, 6830 MiB, 352478 ms
95 %, 70 %, 6830 MiB, 351416 ms
95 %, 70 %, 6830 MiB, 351911 ms
95 %, 70 %, 6830 MiB, 351370 ms
95 %, 70 %, 6830 MiB, 352147 ms
95 %, 70 %, 6830 MiB, 351882 ms
95 %, 70 %, 6830 MiB, 352897 ms
95 %, 70 %, 6830 MiB, 352478 ms
95 %, 70 %, 6830 MiB, 352259 ms
95 %, 70 %, 6830 MiB, 352344 ms
94 %, 69 %, 6830 MiB, 352839 ms
95 %, 70 %, 6830 MiB, 352837 ms
95 %, 70 %, 6830 MiB, 352436 ms
16 %, 5 %, 3628 MiB, 5118 ms
95 %, 70 %, 6830 MiB, 351583 ms
95 %, 70 %, 6830 MiB, 352141 ms
95 %, 70 %, 6830 MiB, 351829 ms
95 %, 70 %, 6830 MiB, 351865 ms
95 %, 70 %, 6830 MiB, 351843 ms
95 %, 70 %, 6830 MiB, 352383 ms
95 %, 70 %, 6830 MiB, 352001 ms
95 %, 70 %, 6830 MiB, 351474 ms
95 %, 70 %, 6830 MiB, 352228 ms
94 %, 70 %, 6830 MiB, 353458 ms
0 %, 0 %, 282 MiB, 1486 ms
84 %, 62 %, 6830 MiB, 35093 ms
95 %, 70 %, 6830 MiB, 351139 ms
95 %, 70 %, 6830 MiB, 351503 ms
95 %, 70 %, 6830 MiB, 351752 ms
95 %, 70 %, 6830 MiB, 352327 ms
94 %, 70 %, 6830 MiB, 352542 ms
95 %, 70 %, 6830 MiB, 352676 ms
95 %, 70 %, 6830 MiB, 352300 ms
94 %, 70 %, 6830 MiB, 352368 ms
95 %, 70 %, 6830 MiB, 352293 ms
95 %, 70 %, 6830 MiB, 352936 ms
94 %, 70 %, 6830 MiB, 353523 ms
94 %, 69 %, 6830 MiB, 354108 ms
95 %, 70 %, 6830 MiB, 352317 ms
94 %, 69 %, 6830 MiB, 354018 ms
94 %, 69 %, 6830 MiB, 353954 ms
95 %, 70 %, 6830 MiB, 352427 ms
94 %, 70 %, 6830 MiB, 353057 ms
95 %, 70 %, 6830 MiB, 352919 ms
94 %, 69 %, 6830 MiB, 352618 ms
94 %, 69 %, 6830 MiB, 353633 ms
94 %, 70 %, 6830 MiB, 353285 ms
94 %, 70 %, 6830 MiB, 353190 ms
95 %, 70 %, 6830 MiB, 352395 ms
94 %, 70 %, 6830 MiB, 353046 ms
95 %, 70 %, 6830 MiB, 353174 ms
95 %, 70 %, 6830 MiB, 353130 ms
94 %, 69 %, 6830 MiB, 354338 ms
94 %, 69 %, 6830 MiB, 353817 ms
94 %, 69 %, 6830 MiB, 353316 ms
94 %, 69 %, 6830 MiB, 353424 ms
95 %, 70 %, 6830 MiB, 352468 ms
95 %, 70 %, 6830 MiB, 352393 ms
95 %, 70 %, 6830 MiB, 352529 ms
94 %, 69 %, 6830 MiB, 353539 ms
95 %, 70 %, 6830 MiB, 352564 ms
95 %, 70 %, 6830 MiB, 351767 ms
95 %, 70 %, 6830 MiB, 351426 ms
94 %, 70 %, 6830 MiB, 353218 ms
95 %, 70 %, 6830 MiB, 351760 ms
95 %, 70 %, 6830 MiB, 352588 ms
94 %, 37 %, 34350 MiB, 2158628 ms
94 %, 37 %, 34350 MiB, 2161474 ms
96 %, 17 %, 34350 MiB, 4880061 ms
96 %, 17 %, 34350 MiB, 4892197 ms
96 %, 17 %, 34350 MiB, 4805412 ms
95 %, 26 %, 34350 MiB, 3105477 ms
95 %, 26 %, 34350 MiB, 3059765 ms
86 %, 21 %, 34346 MiB, 782849 ms
89 %, 21 %, 34346 MiB, 721723 ms
88 %, 19 %, 34346 MiB, 647727 ms
88 %, 19 %, 34346 MiB, 645588 ms
94 %, 33 %, 34346 MiB, 1844939 ms
93 %, 32 %, 34346 MiB, 1637895 ms
94 %, 33 %, 34346 MiB, 1813834 ms
93 %, 31 %, 34346 MiB, 1554017 ms
97 %, 0 %, 34352 MiB, 7704664 ms
97 %, 0 %, 34352 MiB, 7708230 ms
95 %, 0 %, 34352 MiB, 31684308 ms
24 %, 0 %, 1026 MiB, 10791107 ms
4 %, 0 %, 6158 MiB, 604822902 ms
42 %, 15 %, 1142 MiB, 7204455 ms
42 %, 15 %, 1142 MiB, 7223292 ms
24 %, 0 %, 1024 MiB, 2224818 ms
47 %, 36 %, 1236 MiB, 11680811 ms
23 %, 0 %, 1024 MiB, 10352106 ms'
+ /usr/bin/nvidia-smi
+ module use /opt/insy/modulefiles
+ '[' -z '' ']'
+ case "$-" in
+ __lmod_sh_dbg=x
+ '[' -n x ']'
+ set +x
Shell debugging temporarily silenced: export LMOD_SH_DBG_ON=1 for Lmod's output
Shell debugging restarted
+ unset __lmod_sh_dbg
+ return 0
+ export APPTAINER_ROOT=/winhome/meesjansen
+ APPTAINER_ROOT=/winhome/meesjansen
+ export APPTAINER_NAME=isaac-sim-custom.sif
+ APPTAINER_NAME=isaac-sim-custom.sif
+ export ISAACSIM_PATH=/isaac-sim
+ ISAACSIM_PATH=/isaac-sim
+ export ISAACSIM_PYTHON_EXE=/isaac-sim/python.sh
+ ISAACSIM_PYTHON_EXE=/isaac-sim/python.sh
+ export data=/home/nfs/meesjansen/isaac-sim
+ data=/home/nfs/meesjansen/isaac-sim
+ export HOME=/root
+ HOME=/root
+ srun apptainer exec --nv -C --env ACCEPT_EULA=Y --env PRIVACY_CONSENT=Y --env WANDB_API_KEY=***REDACTED*** -B /home/nfs/meesjansen/Options_In_Simulation:/workspace/Options_In_Simulation -B /home/nfs/meesjansen/isaac-sim/cache/kit:/isaac-sim/kit/cache -B /home/nfs/meesjansen/isaac-sim/cache/ov:/root/.cache/ov -B /home/nfs/meesjansen/isaac-sim/cache/pip:/root/.cache/pip -B /home/nfs/meesjansen/isaac-sim/cache/glcache:/root/.cache/nvidia/GLCache -B /home/nfs/meesjansen/isaac-sim/cache/computecache:/root/.nv/ComputeCache -B /home/nfs/meesjansen/isaac-sim/logs:/root/.nvidia-omniverse/logs -B /home/nfs/meesjansen/isaac-sim/data:/root/.local/share/ov/data -B /home/nfs/meesjansen/isaac-sim/documents:/root/Documents /winhome/meesjansen/isaac-sim-custom.sif /isaac-sim/python.sh /workspace/Options_In_Simulation/train_DQN_r7_v2.py
[38;20m[skrl:INFO] Seed: 42[0m
2024-11-26 10:11:03 [1,673ms] [Error] [carb.scripting-python.plugin] OSError: [Errno 30] Read-only file system: '/isaac-sim/kit/exts/omni.gpu_foundation/cache/nv_shadercache'

At:
  /isaac-sim/kit/python/lib/python3.10/os.py(230): makedirs
  /isaac-sim/kit/exts/omni.gpu_foundation/omni/gpu_foundation_factory/impl/foundation_extension.py(77): setup_shadercache_locations
  /isaac-sim/kit/exts/omni.gpu_foundation/omni/gpu_foundation_factory/impl/foundation_extension.py(142): on_startup
  /isaac-sim/kit/kernel/py/omni/ext/_impl/_internal.py(164): _startup_ext
  /isaac-sim/kit/kernel/py/omni/ext/_impl/_internal.py(224): startup
  /isaac-sim/kit/kernel/py/omni/ext/_impl/_internal.py(328): startup_extension
  PythonExtension.cpp::startup()(2): <module>
  /isaac-sim/exts/omni.isaac.kit/omni/isaac/kit/simulation_app.py(350): _start_app
  /isaac-sim/exts/omni.isaac.kit/omni/isaac/kit/simulation_app.py(197): __init__
  /isaac-sim/exts/omni.isaac.gym/omni/isaac/gym/vec_env/vec_env_base.py(66): __init__
  /isaac-sim/kit/python/lib/python3.10/site-packages/skrl/utils/omniverse_isaacgym_utils.py(329): get_env_instance
  /workspace/Options_In_Simulation/train_DQN_r7_v2.py(25): <module>

2024-11-26 10:11:03 [1,673ms] [Error] [omni.ext.plugin] [ext: omni.gpu_foundation-0.0.0] Failed to startup python extension.
2024-11-26 10:11:05 [3,508ms] [Error] [gpu.foundation.plugin] Failed opening shader cache version file: ./shadercache/common/version
2024-11-26 10:11:05 [3,508ms] [Error] [gpu.foundation.plugin] Failed to process shader cache version file
2024-11-26 10:11:07 [5,052ms] [Error] [omni.kit.app._impl] [py stderr]: /isaac-sim/kit/exts/omni.usd.libs/pxr/Tf/__DOC.py:290: DeprecationWarning: invalid escape sequence '\ '
  result["MallocTag"].GetCallTree.func_doc = """**classmethod** GetCallTree(tree, skipRepeated) -> bool
2024-11-26 10:11:07 [5,203ms] [Error] [omni.kit.app._impl] [py stderr]: /isaac-sim/kit/exts/omni.usd.libs/pxr/Sdf/__DOC.py:11: DeprecationWarning: invalid escape sequence '\p'
  result["AssetPath"].__init__.func_doc = """__init__()
2024-11-26 10:11:07 [5,311ms] [Error] [omni.kit.app._impl] [py stderr]: /isaac-sim/kit/exts/omni.usd.libs/pxr/UsdSkel/__DOC.py:500: DeprecationWarning: invalid escape sequence '\e'
  result["AnimMapper"].Remap.func_doc = """Remap(source, target, elementSize, defaultValue) -> bool
2024-11-26 10:11:08 [6,014ms] [Error] [omni.kit.app._impl] [py stderr]: /isaac-sim/kit/exts/omni.usd/omni/usd/_impl/utils.py:1196: DeprecationWarning: invalid escape sequence '\d'
  match = re.search("_(\d+)$", path)
2024-11-26 10:11:08 [6,118ms] [Error] [omni.kit.app._impl] [py stderr]: /isaac-sim/kit/exts/omni.kit.renderer.imgui/omni/kit/ui/editor_menu.py:106: DeprecationWarning: invalid escape sequence '\/'
  menu_parts = menu_path.replace("\/", "@TEMPSLASH@").split("/")
2024-11-26 10:11:08 [6,180ms] [Error] [omni.kit.app._impl] [py stderr]: /isaac-sim/kit/exts/omni.kit.widget.filebrowser/omni/kit/widget/filebrowser/model.py:454: DeprecationWarning: invalid escape sequence '\.'
  compiled_regex = re.compile(r'([\w.-]+)(.)('+numbers+')\.('+types+')$')
2024-11-26 10:11:11 [8,818ms] [Error] [omni.kit.app._impl] [py stderr]: /isaac-sim/extsPhysics/omni.physx/omni/physx/scripts/physicsUtils.py:39: DeprecationWarning: invalid escape sequence '\d'
  match = re.search("_(\d+)$", path)
2024-11-26 10:11:11 [8,837ms] [Error] [omni.kit.app._impl] [py stderr]: /isaac-sim/exts/omni.isaac.core/omni/isaac/core/utils/deformable_mesh_utils.py:30: DeprecationWarning: invalid escape sequence '\s'
  v_pat = re.compile(r"^\s*[vV]\s*" + flt_grp + "\s*" + flt_grp + "\s*" + flt_grp + "\s*$")
2024-11-26 10:11:11 [9,082ms] [Error] [omni.kit.app.plugin] failed to open file '/isaac-sim/kit/data/Kit/Isaac-Sim/4.0/user.config.json' - unable to save the dictionary
2024-11-26 10:11:11 [9,097ms] [Error] [omni.kit.app._impl] [py stderr]: /isaac-sim/kit/exts/omni.usd.libs/pxr/PxOsd/__DOC.py:270: DeprecationWarning: invalid escape sequence '\w'
  result["MeshTopologyValidation"].__doc__ = """
2024-11-26 10:11:11 [9,116ms] [Error] [omni.kit.app._impl] [py stderr]: /isaac-sim/extscache/omni.graph.ui_nodes-1.24.1+106.0.0.lx64.r.cp310/omni/graph/ui_nodes/ogn/OgnButtonDatabase.py:1: DeprecationWarning: invalid escape sequence '\ '
  """Support for simplified access to data on nodes of type omni.graph.ui_nodes.Button
2024-11-26 10:11:12 [10,258ms] [Error] [omni.kit.app.plugin] failed to open file '/isaac-sim/kit/data/Kit/Isaac-Sim/4.0/user.config.json' - unable to save the dictionary
2024-11-26 10:11:13 [10,999ms] [Error] [rtx.neuraylib.plugin] Cannot find `Documents/Kit/shared` directory.
[W init.cpp:767] Warning: nvfuser is no longer supported in torch script, use _jit_set_nvfuser_enabled is deprecated and a no-op (function operator())
2024-11-26 10:11:14 [12,641ms] [Error] [omni.kit.app.plugin] failed to open file '/isaac-sim/kit/data/Kit/Isaac-Sim/4.0/user.config.json' - unable to save the dictionary
2024-11-26 10:11:14 [12,654ms] [Error] [omni.kit.app.plugin] failed to open file '/isaac-sim/kit/data/Kit/Isaac-Sim/4.0/user.config.json' - unable to save the dictionary
2024-11-26 10:11:22 [19,802ms] [Error] [omni.kit.app.plugin] failed to open file '/isaac-sim/kit/data/Kit/Isaac-Sim/4.0/user.config.json' - unable to save the dictionary
[38;20m[skrl:INFO] Environment wrapper: Omniverse Isaac Gym[0m
2024-11-26 10:11:25 [23,427ms] [Error] [omni.kit.app._impl] [py stderr]: wandb: Currently logged in as: meesjansen (meesjansen-Delft Technical University). Use `wandb login --relogin` to force relogin
2024-11-26 10:11:27 [25,394ms] [Error] [omni.kit.app._impl] [py stderr]: wandb: wandb version 0.18.7 is available!  To upgrade, please run:
wandb:  $ pip install wandb --upgrade
2024-11-26 10:11:27 [25,394ms] [Error] [omni.kit.app._impl] [py stderr]: wandb: Tracking run with wandb version 0.12.21
2024-11-26 10:11:27 [25,394ms] [Error] [omni.kit.app._impl] [py stderr]: wandb: Run data is saved locally in /workspace/Options_In_Simulation/my_runs/wandb/run-20241126_111125-fdcaaq26
wandb: Run `wandb offline` to turn off syncing.
2024-11-26 10:11:27 [25,395ms] [Error] [omni.kit.app._impl] [py stderr]: wandb: Syncing run DQN_Terrain_Rooms_r7_v2_long
2024-11-26 10:11:27 [25,395ms] [Error] [omni.kit.app._impl] [py stderr]: wandb: ⭐️ View project at https://wandb.ai/meesjansen-Delft%20Technical%20University/RL-Terrain-Simulation
2024-11-26 10:11:27 [25,396ms] [Error] [omni.kit.app._impl] [py stderr]: wandb: 🚀 View run at https://wandb.ai/meesjansen-Delft%20Technical%20University/RL-Terrain-Simulation/runs/fdcaaq26
2024-11-26 10:11:27 [25,401ms] [Error] [omni.kit.app._impl] [py stderr]: [34m[1mwandb[0m: [33mWARNING[0m Found log directory outside of given root_logdir, dropping given root_logdir for event file in /workspace/Options_In_Simulation/my_runs/r7_v2/DQN_Terrain_Rooms_r7_v2_long
2024-11-26 22:44:45 [45,223,166ms] [Error] [omni.kit.app._impl] [py stderr]: wandb: Waiting for W&B process to finish... (success).
2024-11-26 22:44:54 [45,232,148ms] [Error] [omni.kit.app._impl] [py stderr]: wandb: - 0.276 MB of 0.276 MB uploaded (0.000 MB deduped)wandb: \ 0.276 MB of 0.276 MB uploaded (0.000 MB deduped)wandb: | 0.276 MB of 0.276 MB uploaded (0.000 MB deduped)wandb: / 0.001 MB of 0.337 MB uploaded (0.000 MB deduped)wandb: - 0.001 MB of 0.337 MB uploaded (0.000 MB deduped)wandb: \ 0.001 MB of 0.337 MB uploaded (0.000 MB deduped)wandb: | 0.001 MB of 0.337 MB uploaded (0.000 MB deduped)wandb: / 0.001 MB of 0.337 MB uploaded (0.000 MB deduped)wandb: - 0.103 MB of 0.337 MB uploaded (0.000 MB deduped)wandb: \ 0.337 MB of 0.337 MB uploaded (0.000 MB deduped)wandb: | 0.337 MB of 0.337 MB uploaded (0.000 MB deduped)wandb: / 0.337 MB of 0.337 MB uploaded (0.000 MB deduped)wandb: - 0.337 MB of 0.337 MB uploaded (0.000 MB deduped)wandb: \ 0.337 MB of 0.337 MB uploaded (0.000 MB deduped)wandb: | 0.337 MB of 0.337 MB uploaded (0.000 MB deduped)wandb: / 0.337 MB of 0.337 MB uploaded (0.000 MB deduped)wandb: - 0.337 MB of 0.337 MB uploaded (0.000 MB deduped)wandb: \ 0.337 MB of 0.337 MB uploaded (0.000 MB deduped)wandb: | 0.337 MB of 0.337 MB uploaded (0.000 MB deduped)wandb:                                                                                
2024-11-26 22:44:55 [45,233,365ms] [Error] [omni.kit.app._impl] [py stderr]: wandb: 
wandb: Run history:
wandb:    Exploration / Exploration epsilon ██▇▇▆▆▆▅▅▄▄▄▄▄▃▃▃▃▃▂▂▂▂▂▂▂▂▂▂▁▁▁▁▁▁▁▁▁▁▁
wandb:                Loss / Q-network loss ▂▁▁▁▁▁▁▁▁▁▁▁▂▂▂▂▂▂▂▂▃▃▃▃▄▄▄▄▄▅▅▅▅▆▆▆▆▇██
wandb:  Reward / Instantaneous reward (max) ███████▁███████████▁█▁█▁█████▁▁████████▁
wandb: Reward / Instantaneous reward (mean) ▂▄▄▅▅▁▄▃▄▄▂▃▆▄▅▃▁▅▅▆▃▄▂▃█▄▁▇▄▂▅▆▅▂▂▅▅▅▂▂
wandb:  Reward / Instantaneous reward (min) █████▇███████▂▇███▇▇███▇██▁█▇█████████▇▇
wandb:                Target / Target (max) ███▇▇▇▇▆▆▅▅▆▄▅▃▄▃▃▃▃▃▂▂▂▂▂▂▂▁▂▁▂▂▁▁▁▁▁▁▁
wandb:               Target / Target (mean) █████▇▇▇▇▇▆▆▆▆▆▅▅▅▅▅▄▄▄▄▄▄▃▃▃▃▃▂▂▂▂▂▂▁▁▁
wandb:                Target / Target (min) █▇███▇▇▇▇▇▆▆▆▆▆▅▅▅▅▅▅▄▄▄▄▄▃▃▃▃▃▃▂▂▂▂▁▂▁▁
wandb:                          global_step ▁▁▁▁▂▂▂▂▂▃▃▃▃▃▃▄▄▄▄▄▅▅▅▅▅▅▆▆▆▆▆▆▇▇▇▇▇███
wandb: 
wandb: Run summary:
wandb:    Exploration / Exploration epsilon 0.14492
wandb:                Loss / Q-network loss 10.20884
wandb:  Reward / Instantaneous reward (max) -0.15858
wandb: Reward / Instantaneous reward (mean) -4.54428
wandb:  Reward / Instantaneous reward (min) -9.37603
wandb:                Target / Target (max) -1.94476
wandb:               Target / Target (mean) -57.83205
wandb:                Target / Target (min) -122.7847
wandb:                          global_step 300000
wandb: 
2024-11-26 22:44:55 [45,233,367ms] [Error] [omni.kit.app._impl] [py stderr]: wandb: Synced DQN_Terrain_Rooms_r7_v2_long: https://wandb.ai/meesjansen-Delft%20Technical%20University/RL-Terrain-Simulation/runs/fdcaaq26
wandb: Synced 5 W&B file(s), 0 media file(s), 0 artifact file(s) and 1 other file(s)
2024-11-26 22:44:55 [45,233,367ms] [Error] [omni.kit.app._impl] [py stderr]: wandb: Find logs at: /workspace/Options_In_Simulation/my_runs/wandb/run-20241126_111125-fdcaaq26/logs
[38;20m[skrl:INFO] Closing environment[0m
2024-11-26 22:45:43 [45,281,505ms] [Error] [omni.kit.app.plugin] failed to open file '/isaac-sim/kit/data/Kit/Isaac-Sim/4.0/user.config.json' - unable to save the dictionary
/isaac-sim/kit/python/lib/python3.10/multiprocessing/resource_tracker.py:224: UserWarning: resource_tracker: There appear to be 6 leaked semaphore objects to clean up at shutdown
  warnings.warn('resource_tracker: There appear to be %d '
+ /usr/bin/nvidia-smi --query-accounted-apps=gpu_utilization,mem_utilization,max_memory_usage,time --format=csv
+ /usr/bin/grep -v -F '94 %, 70 %, 6830 MiB, 352884 ms
95 %, 70 %, 6830 MiB, 353033 ms
94 %, 69 %, 6830 MiB, 353798 ms
94 %, 69 %, 6830 MiB, 352826 ms
95 %, 70 %, 6830 MiB, 352476 ms
94 %, 69 %, 6830 MiB, 352679 ms
95 %, 70 %, 6830 MiB, 351860 ms
94 %, 70 %, 6830 MiB, 352683 ms
95 %, 70 %, 6830 MiB, 352630 ms
95 %, 70 %, 6830 MiB, 351864 ms
94 %, 70 %, 6830 MiB, 352918 ms
95 %, 70 %, 6830 MiB, 352555 ms
95 %, 70 %, 6830 MiB, 352488 ms
95 %, 70 %, 6830 MiB, 352717 ms
95 %, 70 %, 6830 MiB, 352219 ms
95 %, 70 %, 6830 MiB, 351905 ms
95 %, 70 %, 6830 MiB, 352015 ms
95 %, 70 %, 6830 MiB, 352200 ms
95 %, 70 %, 6830 MiB, 350886 ms
18 %, 5 %, 3628 MiB, 5069 ms
95 %, 70 %, 6830 MiB, 351580 ms
95 %, 70 %, 6830 MiB, 351732 ms
95 %, 70 %, 6830 MiB, 351906 ms
95 %, 70 %, 6830 MiB, 351221 ms
95 %, 70 %, 6830 MiB, 351630 ms
95 %, 70 %, 6830 MiB, 351508 ms
95 %, 70 %, 6830 MiB, 351208 ms
95 %, 70 %, 6830 MiB, 351702 ms
95 %, 70 %, 6830 MiB, 351638 ms
95 %, 70 %, 6830 MiB, 352118 ms
95 %, 70 %, 6830 MiB, 351146 ms
95 %, 70 %, 6830 MiB, 351808 ms
95 %, 70 %, 6830 MiB, 351631 ms
95 %, 70 %, 6830 MiB, 351652 ms
95 %, 70 %, 6830 MiB, 351947 ms
95 %, 70 %, 6830 MiB, 351714 ms
95 %, 70 %, 6830 MiB, 350829 ms
95 %, 70 %, 6830 MiB, 352478 ms
95 %, 70 %, 6830 MiB, 351416 ms
95 %, 70 %, 6830 MiB, 351911 ms
95 %, 70 %, 6830 MiB, 351370 ms
95 %, 70 %, 6830 MiB, 352147 ms
95 %, 70 %, 6830 MiB, 351882 ms
95 %, 70 %, 6830 MiB, 352897 ms
95 %, 70 %, 6830 MiB, 352478 ms
95 %, 70 %, 6830 MiB, 352259 ms
95 %, 70 %, 6830 MiB, 352344 ms
94 %, 69 %, 6830 MiB, 352839 ms
95 %, 70 %, 6830 MiB, 352837 ms
95 %, 70 %, 6830 MiB, 352436 ms
16 %, 5 %, 3628 MiB, 5118 ms
95 %, 70 %, 6830 MiB, 351583 ms
95 %, 70 %, 6830 MiB, 352141 ms
95 %, 70 %, 6830 MiB, 351829 ms
95 %, 70 %, 6830 MiB, 351865 ms
95 %, 70 %, 6830 MiB, 351843 ms
95 %, 70 %, 6830 MiB, 352383 ms
95 %, 70 %, 6830 MiB, 352001 ms
95 %, 70 %, 6830 MiB, 351474 ms
95 %, 70 %, 6830 MiB, 352228 ms
94 %, 70 %, 6830 MiB, 353458 ms
0 %, 0 %, 282 MiB, 1486 ms
84 %, 62 %, 6830 MiB, 35093 ms
95 %, 70 %, 6830 MiB, 351139 ms
95 %, 70 %, 6830 MiB, 351503 ms
95 %, 70 %, 6830 MiB, 351752 ms
95 %, 70 %, 6830 MiB, 352327 ms
94 %, 70 %, 6830 MiB, 352542 ms
95 %, 70 %, 6830 MiB, 352676 ms
95 %, 70 %, 6830 MiB, 352300 ms
94 %, 70 %, 6830 MiB, 352368 ms
95 %, 70 %, 6830 MiB, 352293 ms
95 %, 70 %, 6830 MiB, 352936 ms
94 %, 70 %, 6830 MiB, 353523 ms
94 %, 69 %, 6830 MiB, 354108 ms
95 %, 70 %, 6830 MiB, 352317 ms
94 %, 69 %, 6830 MiB, 354018 ms
94 %, 69 %, 6830 MiB, 353954 ms
95 %, 70 %, 6830 MiB, 352427 ms
94 %, 70 %, 6830 MiB, 353057 ms
95 %, 70 %, 6830 MiB, 352919 ms
94 %, 69 %, 6830 MiB, 352618 ms
94 %, 69 %, 6830 MiB, 353633 ms
94 %, 70 %, 6830 MiB, 353285 ms
94 %, 70 %, 6830 MiB, 353190 ms
95 %, 70 %, 6830 MiB, 352395 ms
94 %, 70 %, 6830 MiB, 353046 ms
95 %, 70 %, 6830 MiB, 353174 ms
95 %, 70 %, 6830 MiB, 353130 ms
94 %, 69 %, 6830 MiB, 354338 ms
94 %, 69 %, 6830 MiB, 353817 ms
94 %, 69 %, 6830 MiB, 353316 ms
94 %, 69 %, 6830 MiB, 353424 ms
95 %, 70 %, 6830 MiB, 352468 ms
95 %, 70 %, 6830 MiB, 352393 ms
95 %, 70 %, 6830 MiB, 352529 ms
94 %, 69 %, 6830 MiB, 353539 ms
95 %, 70 %, 6830 MiB, 352564 ms
95 %, 70 %, 6830 MiB, 351767 ms
95 %, 70 %, 6830 MiB, 351426 ms
94 %, 70 %, 6830 MiB, 353218 ms
95 %, 70 %, 6830 MiB, 351760 ms
95 %, 70 %, 6830 MiB, 352588 ms
94 %, 37 %, 34350 MiB, 2158628 ms
94 %, 37 %, 34350 MiB, 2161474 ms
96 %, 17 %, 34350 MiB, 4880061 ms
96 %, 17 %, 34350 MiB, 4892197 ms
96 %, 17 %, 34350 MiB, 4805412 ms
95 %, 26 %, 34350 MiB, 3105477 ms
95 %, 26 %, 34350 MiB, 3059765 ms
86 %, 21 %, 34346 MiB, 782849 ms
89 %, 21 %, 34346 MiB, 721723 ms
88 %, 19 %, 34346 MiB, 647727 ms
88 %, 19 %, 34346 MiB, 645588 ms
94 %, 33 %, 34346 MiB, 1844939 ms
93 %, 32 %, 34346 MiB, 1637895 ms
94 %, 33 %, 34346 MiB, 1813834 ms
93 %, 31 %, 34346 MiB, 1554017 ms
97 %, 0 %, 34352 MiB, 7704664 ms
97 %, 0 %, 34352 MiB, 7708230 ms
95 %, 0 %, 34352 MiB, 31684308 ms
24 %, 0 %, 1026 MiB, 10791107 ms
4 %, 0 %, 6158 MiB, 604822902 ms
42 %, 15 %, 1142 MiB, 7204455 ms
42 %, 15 %, 1142 MiB, 7223292 ms
24 %, 0 %, 1024 MiB, 2224818 ms
47 %, 36 %, 1236 MiB, 11680811 ms
23 %, 0 %, 1024 MiB, 10352106 ms'
