++ /usr/bin/nvidia-smi --query-accounted-apps=gpu_utilization,mem_utilization,max_memory_usage,time --format=csv
++ /usr/bin/tail -n +2
+ previous='62 %, 30 %, 29700 MiB, 9024974 ms
63 %, 30 %, 29700 MiB, 9021827 ms
21 %, 12 %, 19888 MiB, 129336 ms
25 %, 13 %, 26488 MiB, 202482 ms
1 %, 0 %, 3152 MiB, 389758 ms
63 %, 30 %, 29700 MiB, 11212858 ms
63 %, 30 %, 29700 MiB, 11635881 ms
62 %, 29 %, 29700 MiB, 11192267 ms
62 %, 30 %, 29700 MiB, 11446032 ms
62 %, 30 %, 29700 MiB, 11211810 ms
64 %, 30 %, 29700 MiB, 10957095 ms
60 %, 29 %, 29700 MiB, 9940053 ms
19 %, 1 %, 934 MiB, 86292355 ms
97 %, 67 %, 34276 MiB, 74058199 ms
98 %, 7 %, 34352 MiB, 17401981 ms
98 %, 7 %, 34352 MiB, 17388753 ms
98 %, 7 %, 34352 MiB, 17367129 ms
99 %, 27 %, 34352 MiB, 23366489 ms
99 %, 27 %, 34352 MiB, 23410329 ms
99 %, 27 %, 34352 MiB, 23427888 ms
98 %, 20 %, 34350 MiB, 7193429 ms
69 %, 32 %, 42778 MiB, 12436203 ms
9 %, 2 %, 4216 MiB, 484874 ms
6 %, 1 %, 4574 MiB, 1254948 ms
0 %, 0 %, 8074 MiB, 574497 ms
0 %, 0 %, 326 MiB, 25967 ms
2 %, 0 %, 330 MiB, 30093 ms
14 %, 1 %, 45394 MiB, 15434361 ms
10 %, 1 %, 45336 MiB, 6357997 ms
8 %, 2 %, 6308 MiB, 7670430 ms
13 %, 1 %, 45368 MiB, 28440868 ms
2 %, 2 %, 3046 MiB, 14314425 ms
72 %, 54 %, 24654 MiB, 89990883 ms
1 %, 0 %, 3472 MiB, 78639603 ms
8 %, 2 %, 3818 MiB, 604800274 ms
15 %, 3 %, 794 MiB, 42797 ms
35 %, 17 %, 29700 MiB, 2294846 ms
43 %, 21 %, 29700 MiB, 12614652 ms
23 %, 9 %, 6148 MiB, 131696017 ms
63 %, 62 %, 45278 MiB, 3991479 ms
26 %, 0 %, 1026 MiB, 22245989 ms
22 %, 0 %, 1026 MiB, 10820775 ms
27 %, 0 %, 1026 MiB, 22383649 ms
1 %, 1 %, 1816 MiB, 4761661 ms
1 %, 0 %, 1820 MiB, 4794890 ms
1 %, 1 %, 1822 MiB, 4788060 ms
94 %, 56 %, 1960 MiB, 16436477 ms
80 %, 78 %, 20274 MiB, 2074522 ms
58 %, 51 %, 12138 MiB, 2697912 ms
2 %, 1 %, 45364 MiB, 620820 ms
38 %, 29 %, 4554 MiB, 507303 ms
51 %, 44 %, 600 MiB, 652911 ms
50 %, 42 %, 4602 MiB, 694496 ms
57 %, 51 %, 4684 MiB, 1093254 ms
38 %, 27 %, 20968 MiB, 23163359 ms
19 %, 1 %, 948 MiB, 86405922 ms
97 %, 78 %, 4774 MiB, 50323128 ms
80 %, 83 %, 36412 MiB, 14296482 ms
83 %, 55 %, 1222 MiB, 4567048 ms
1 %, 0 %, 1814 MiB, 4764807 ms
29 %, 2 %, 1082 MiB, 6484669 ms
22 %, 0 %, 1024 MiB, 7214716 ms
1 %, 1 %, 1814 MiB, 5370511 ms
60 %, 58 %, 35674 MiB, 34225342 ms
19 %, 14 %, 3760 MiB, 3690566 ms
20 %, 14 %, 3760 MiB, 3747716 ms
19 %, 14 %, 3760 MiB, 3807059 ms
18 %, 13 %, 3760 MiB, 4107147 ms
11 %, 8 %, 3760 MiB, 6101713 ms
19 %, 14 %, 3760 MiB, 3744997 ms
19 %, 14 %, 3760 MiB, 3748879 ms
19 %, 14 %, 3760 MiB, 3770314 ms
19 %, 14 %, 3760 MiB, 3771562 ms
19 %, 14 %, 3760 MiB, 3789889 ms
55 %, 26 %, 1144 MiB, 14084490 ms
28 %, 0 %, 1026 MiB, 37722757 ms
42 %, 16 %, 1144 MiB, 10763458 ms
23 %, 0 %, 1024 MiB, 10814844 ms
88 %, 4 %, 34348 MiB, 1279621 ms
90 %, 4 %, 34348 MiB, 1266793 ms
90 %, 4 %, 34348 MiB, 1244061 ms
91 %, 4 %, 34348 MiB, 1229656 ms
90 %, 4 %, 34348 MiB, 1245310 ms
94 %, 7 %, 34348 MiB, 2320882 ms
94 %, 7 %, 34348 MiB, 2310641 ms
94 %, 7 %, 34348 MiB, 2329092 ms
90 %, 4 %, 34348 MiB, 1241226 ms
91 %, 4 %, 34348 MiB, 1228286 ms
90 %, 4 %, 34348 MiB, 1220476 ms
94 %, 7 %, 34348 MiB, 2259035 ms
94 %, 7 %, 34348 MiB, 2253190 ms
94 %, 7 %, 34348 MiB, 2253390 ms
90 %, 4 %, 34348 MiB, 1260478 ms
91 %, 4 %, 34348 MiB, 1250911 ms
94 %, 7 %, 34348 MiB, 2309732 ms
94 %, 7 %, 34348 MiB, 2315374 ms
91 %, 4 %, 34348 MiB, 1220841 ms
90 %, 4 %, 34348 MiB, 1236985 ms
90 %, 4 %, 34348 MiB, 1226053 ms
90 %, 4 %, 34348 MiB, 1234760 ms
94 %, 6 %, 34348 MiB, 2232996 ms
94 %, 6 %, 34348 MiB, 2241066 ms
93 %, 6 %, 34348 MiB, 2321526 ms
90 %, 4 %, 34348 MiB, 1246590 ms
94 %, 7 %, 34348 MiB, 2279354 ms
95 %, 6 %, 34348 MiB, 2247665 ms
90 %, 4 %, 34348 MiB, 1233510 ms
94 %, 6 %, 34348 MiB, 2231416 ms
91 %, 4 %, 34348 MiB, 1236657 ms
90 %, 4 %, 34348 MiB, 1221316 ms
94 %, 7 %, 34348 MiB, 2279264 ms
91 %, 4 %, 34348 MiB, 1212717 ms
94 %, 7 %, 34348 MiB, 2227559 ms
94 %, 7 %, 34348 MiB, 2221186 ms
28 %, 2 %, 1120 MiB, 14398354 ms
55 %, 29 %, 1408 MiB, 13626205 ms
29 %, 2 %, 1094 MiB, 14398350 ms
20 %, 12 %, 1138 MiB, 5787212 ms
19 %, 11 %, 1138 MiB, 5788067 ms
19 %, 12 %, 1138 MiB, 5876437 ms
15 %, 9 %, 1138 MiB, 7555923 ms
12 %, 7 %, 1138 MiB, 9371126 ms
19 %, 12 %, 1138 MiB, 9398262 ms
19 %, 12 %, 1138 MiB, 9491311 ms
19 %, 12 %, 1138 MiB, 9504564 ms
20 %, 12 %, 1138 MiB, 9508531 ms
19 %, 12 %, 1138 MiB, 9509565 ms
40 %, 15 %, 1140 MiB, 7184396 ms'
+ /usr/bin/nvidia-smi
+ module use /opt/insy/modulefiles
+ '[' -z '' ']'
+ case "$-" in
+ __lmod_sh_dbg=x
+ '[' -n x ']'
+ set +x
Shell debugging temporarily silenced: export LMOD_SH_DBG_ON=1 for Lmod's output
Shell debugging restarted
+ unset __lmod_sh_dbg
+ return 0
+ export APPTAINER_ROOT=/winhome/meesjansen
+ APPTAINER_ROOT=/winhome/meesjansen
+ export APPTAINER_NAME=isaac-sim-custom.sif
+ APPTAINER_NAME=isaac-sim-custom.sif
+ export ISAACSIM_PATH=/isaac-sim
+ ISAACSIM_PATH=/isaac-sim
+ export ISAACSIM_PYTHON_EXE=/isaac-sim/python.sh
+ ISAACSIM_PYTHON_EXE=/isaac-sim/python.sh
+ export data=/home/nfs/meesjansen/isaac-sim
+ data=/home/nfs/meesjansen/isaac-sim
+ export HOME=/root
+ HOME=/root
+ srun apptainer exec --nv -C --env ACCEPT_EULA=Y --env PRIVACY_CONSENT=Y --env WANDB_API_KEY=***REDACTED*** -B /home/nfs/meesjansen/Options_In_Simulation:/workspace/Options_In_Simulation -B /home/nfs/meesjansen/isaac-sim/cache/kit:/isaac-sim/kit/cache -B /home/nfs/meesjansen/isaac-sim/cache/ov:/root/.cache/ov -B /home/nfs/meesjansen/isaac-sim/cache/pip:/root/.cache/pip -B /home/nfs/meesjansen/isaac-sim/cache/glcache:/root/.cache/nvidia/GLCache -B /home/nfs/meesjansen/isaac-sim/cache/computecache:/root/.nv/ComputeCache -B /home/nfs/meesjansen/isaac-sim/logs:/root/.nvidia-omniverse/logs -B /home/nfs/meesjansen/isaac-sim/data:/root/.local/share/ov/data -B /home/nfs/meesjansen/isaac-sim/documents:/root/Documents /winhome/meesjansen/isaac-sim-custom.sif /isaac-sim/python.sh /workspace/Options_In_Simulation/train_DQN_r7.py
FATAL:   aborting failed to close file descriptor: bad file descriptor
srun: error: gpu27: task 0: Exited with exit code 255
srun: launch/slurm: _step_signal: Terminating StepId=11141473.0
+ /usr/bin/nvidia-smi --query-accounted-apps=gpu_utilization,mem_utilization,max_memory_usage,time --format=csv
+ /usr/bin/grep -v -F '62 %, 30 %, 29700 MiB, 9024974 ms
63 %, 30 %, 29700 MiB, 9021827 ms
21 %, 12 %, 19888 MiB, 129336 ms
25 %, 13 %, 26488 MiB, 202482 ms
1 %, 0 %, 3152 MiB, 389758 ms
63 %, 30 %, 29700 MiB, 11212858 ms
63 %, 30 %, 29700 MiB, 11635881 ms
62 %, 29 %, 29700 MiB, 11192267 ms
62 %, 30 %, 29700 MiB, 11446032 ms
62 %, 30 %, 29700 MiB, 11211810 ms
64 %, 30 %, 29700 MiB, 10957095 ms
60 %, 29 %, 29700 MiB, 9940053 ms
19 %, 1 %, 934 MiB, 86292355 ms
97 %, 67 %, 34276 MiB, 74058199 ms
98 %, 7 %, 34352 MiB, 17401981 ms
98 %, 7 %, 34352 MiB, 17388753 ms
98 %, 7 %, 34352 MiB, 17367129 ms
99 %, 27 %, 34352 MiB, 23366489 ms
99 %, 27 %, 34352 MiB, 23410329 ms
99 %, 27 %, 34352 MiB, 23427888 ms
98 %, 20 %, 34350 MiB, 7193429 ms
69 %, 32 %, 42778 MiB, 12436203 ms
9 %, 2 %, 4216 MiB, 484874 ms
6 %, 1 %, 4574 MiB, 1254948 ms
0 %, 0 %, 8074 MiB, 574497 ms
0 %, 0 %, 326 MiB, 25967 ms
2 %, 0 %, 330 MiB, 30093 ms
14 %, 1 %, 45394 MiB, 15434361 ms
10 %, 1 %, 45336 MiB, 6357997 ms
8 %, 2 %, 6308 MiB, 7670430 ms
13 %, 1 %, 45368 MiB, 28440868 ms
2 %, 2 %, 3046 MiB, 14314425 ms
72 %, 54 %, 24654 MiB, 89990883 ms
1 %, 0 %, 3472 MiB, 78639603 ms
8 %, 2 %, 3818 MiB, 604800274 ms
15 %, 3 %, 794 MiB, 42797 ms
35 %, 17 %, 29700 MiB, 2294846 ms
43 %, 21 %, 29700 MiB, 12614652 ms
23 %, 9 %, 6148 MiB, 131696017 ms
63 %, 62 %, 45278 MiB, 3991479 ms
26 %, 0 %, 1026 MiB, 22245989 ms
22 %, 0 %, 1026 MiB, 10820775 ms
27 %, 0 %, 1026 MiB, 22383649 ms
1 %, 1 %, 1816 MiB, 4761661 ms
1 %, 0 %, 1820 MiB, 4794890 ms
1 %, 1 %, 1822 MiB, 4788060 ms
94 %, 56 %, 1960 MiB, 16436477 ms
80 %, 78 %, 20274 MiB, 2074522 ms
58 %, 51 %, 12138 MiB, 2697912 ms
2 %, 1 %, 45364 MiB, 620820 ms
38 %, 29 %, 4554 MiB, 507303 ms
51 %, 44 %, 600 MiB, 652911 ms
50 %, 42 %, 4602 MiB, 694496 ms
57 %, 51 %, 4684 MiB, 1093254 ms
38 %, 27 %, 20968 MiB, 23163359 ms
19 %, 1 %, 948 MiB, 86405922 ms
97 %, 78 %, 4774 MiB, 50323128 ms
80 %, 83 %, 36412 MiB, 14296482 ms
83 %, 55 %, 1222 MiB, 4567048 ms
1 %, 0 %, 1814 MiB, 4764807 ms
29 %, 2 %, 1082 MiB, 6484669 ms
22 %, 0 %, 1024 MiB, 7214716 ms
1 %, 1 %, 1814 MiB, 5370511 ms
60 %, 58 %, 35674 MiB, 34225342 ms
19 %, 14 %, 3760 MiB, 3690566 ms
20 %, 14 %, 3760 MiB, 3747716 ms
19 %, 14 %, 3760 MiB, 3807059 ms
18 %, 13 %, 3760 MiB, 4107147 ms
11 %, 8 %, 3760 MiB, 6101713 ms
19 %, 14 %, 3760 MiB, 3744997 ms
19 %, 14 %, 3760 MiB, 3748879 ms
19 %, 14 %, 3760 MiB, 3770314 ms
19 %, 14 %, 3760 MiB, 3771562 ms
19 %, 14 %, 3760 MiB, 3789889 ms
55 %, 26 %, 1144 MiB, 14084490 ms
28 %, 0 %, 1026 MiB, 37722757 ms
42 %, 16 %, 1144 MiB, 10763458 ms
23 %, 0 %, 1024 MiB, 10814844 ms
88 %, 4 %, 34348 MiB, 1279621 ms
90 %, 4 %, 34348 MiB, 1266793 ms
90 %, 4 %, 34348 MiB, 1244061 ms
91 %, 4 %, 34348 MiB, 1229656 ms
90 %, 4 %, 34348 MiB, 1245310 ms
94 %, 7 %, 34348 MiB, 2320882 ms
94 %, 7 %, 34348 MiB, 2310641 ms
94 %, 7 %, 34348 MiB, 2329092 ms
90 %, 4 %, 34348 MiB, 1241226 ms
91 %, 4 %, 34348 MiB, 1228286 ms
90 %, 4 %, 34348 MiB, 1220476 ms
94 %, 7 %, 34348 MiB, 2259035 ms
94 %, 7 %, 34348 MiB, 2253190 ms
94 %, 7 %, 34348 MiB, 2253390 ms
90 %, 4 %, 34348 MiB, 1260478 ms
91 %, 4 %, 34348 MiB, 1250911 ms
94 %, 7 %, 34348 MiB, 2309732 ms
94 %, 7 %, 34348 MiB, 2315374 ms
91 %, 4 %, 34348 MiB, 1220841 ms
90 %, 4 %, 34348 MiB, 1236985 ms
90 %, 4 %, 34348 MiB, 1226053 ms
90 %, 4 %, 34348 MiB, 1234760 ms
94 %, 6 %, 34348 MiB, 2232996 ms
94 %, 6 %, 34348 MiB, 2241066 ms
93 %, 6 %, 34348 MiB, 2321526 ms
90 %, 4 %, 34348 MiB, 1246590 ms
94 %, 7 %, 34348 MiB, 2279354 ms
95 %, 6 %, 34348 MiB, 2247665 ms
90 %, 4 %, 34348 MiB, 1233510 ms
94 %, 6 %, 34348 MiB, 2231416 ms
91 %, 4 %, 34348 MiB, 1236657 ms
90 %, 4 %, 34348 MiB, 1221316 ms
94 %, 7 %, 34348 MiB, 2279264 ms
91 %, 4 %, 34348 MiB, 1212717 ms
94 %, 7 %, 34348 MiB, 2227559 ms
94 %, 7 %, 34348 MiB, 2221186 ms
28 %, 2 %, 1120 MiB, 14398354 ms
55 %, 29 %, 1408 MiB, 13626205 ms
29 %, 2 %, 1094 MiB, 14398350 ms
20 %, 12 %, 1138 MiB, 5787212 ms
19 %, 11 %, 1138 MiB, 5788067 ms
19 %, 12 %, 1138 MiB, 5876437 ms
15 %, 9 %, 1138 MiB, 7555923 ms
12 %, 7 %, 1138 MiB, 9371126 ms
19 %, 12 %, 1138 MiB, 9398262 ms
19 %, 12 %, 1138 MiB, 9491311 ms
19 %, 12 %, 1138 MiB, 9504564 ms
20 %, 12 %, 1138 MiB, 9508531 ms
19 %, 12 %, 1138 MiB, 9509565 ms
40 %, 15 %, 1140 MiB, 7184396 ms'
